{"/home/travis/build/npmtest/node-npmtest-chalk/test.js":{"path":"/home/travis/build/npmtest/node-npmtest-chalk/test.js","s":{"1":2,"2":2,"3":2,"4":2,"5":2,"6":2,"7":2,"8":2,"9":2,"10":2,"11":2,"12":2,"13":2},"b":{"1":[2,1,1],"2":[2,1],"3":[1,1],"4":[2,1]},"f":{"1":2,"2":2,"3":2,"4":2},"fnMap":{"1":{"name":"(anonymous_1)","line":13,"loc":{"start":{"line":13,"column":1},"end":{"line":13,"column":13}}},"2":{"name":"(anonymous_2)","line":20,"loc":{"start":{"line":20,"column":5},"end":{"line":20,"column":17}}},"3":{"name":"(anonymous_3)","line":24,"loc":{"start":{"line":24,"column":9},"end":{"line":24,"column":21}}},"4":{"name":"(anonymous_4)","line":47,"loc":{"start":{"line":47,"column":5},"end":{"line":47,"column":17}}}},"statementMap":{"1":{"start":{"line":13,"column":0},"end":{"line":50,"column":5}},"2":{"start":{"line":15,"column":4},"end":{"line":15,"column":14}},"3":{"start":{"line":20,"column":4},"end":{"line":42,"column":9}},"4":{"start":{"line":22,"column":8},"end":{"line":22,"column":19}},"5":{"start":{"line":24,"column":8},"end":{"line":32,"column":13}},"6":{"start":{"line":25,"column":12},"end":{"line":30,"column":13}},"7":{"start":{"line":26,"column":16},"end":{"line":28,"column":27}},"8":{"start":{"line":31,"column":12},"end":{"line":31,"column":53}},"9":{"start":{"line":34,"column":8},"end":{"line":36,"column":21}},"10":{"start":{"line":38,"column":8},"end":{"line":39,"column":49}},"11":{"start":{"line":41,"column":8},"end":{"line":41,"column":33}},"12":{"start":{"line":47,"column":4},"end":{"line":49,"column":9}},"13":{"start":{"line":48,"column":8},"end":{"line":48,"column":15}}},"branchMap":{"1":{"line":26,"type":"binary-expr","locations":[{"start":{"line":26,"column":31},"end":{"line":26,"column":72}},{"start":{"line":27,"column":20},"end":{"line":27,"column":70}},{"start":{"line":28,"column":20},"end":{"line":28,"column":26}}]},"2":{"line":31,"type":"binary-expr","locations":[{"start":{"line":31,"column":27},"end":{"line":31,"column":39}},{"start":{"line":31,"column":43},"end":{"line":31,"column":52}}]},"3":{"line":34,"type":"cond-expr","locations":[{"start":{"line":35,"column":14},"end":{"line":35,"column":20}},{"start":{"line":36,"column":14},"end":{"line":36,"column":20}}]},"4":{"line":38,"type":"binary-expr","locations":[{"start":{"line":38,"column":38},"end":{"line":38,"column":59}},{"start":{"line":39,"column":12},"end":{"line":39,"column":31}}]}},"code":["/* istanbul instrument in package npmtest_chalk */","/* jslint-utility2 */","/*jslint","    bitwise: true,","    browser: true,","    maxerr: 4,","    maxlen: 100,","    node: true,","    nomen: true,","    regexp: true,","    stupid: true","*/","(function () {","    'use strict';","    var local;","","","","    // run shared js-env code - init-before","    (function () {","        // init local","        local = {};","        // init modeJs","        (function () {","            try {","                local.modeJs = typeof process.versions.node === 'string' &&","                    typeof require('http').createServer === 'function' &&","                    'node';","            } catch (ignore) {","            }","            local.modeJs = local.modeJs || 'browser';","        }());","        // init global","        local.global = local.modeJs === 'browser'","            ? window","            : global;","        // re-init local","        local = local.global.local = (local.global.utility2 ||","            require('utility2')).requireReadme();","        // init test","        local.testRunInit(local);","    }());","","","","    // run shared js-env code - function","    (function () {","        return;","    }());","}());",""],"l":{"13":2,"15":2,"20":2,"22":2,"24":2,"25":2,"26":2,"31":2,"34":2,"38":2,"41":2,"47":2,"48":2}},"/home/travis/build/npmtest/node-npmtest-chalk/lib.npmtest_chalk.js":{"path":"/home/travis/build/npmtest/node-npmtest-chalk/lib.npmtest_chalk.js","s":{"1":2,"2":2,"3":2,"4":2,"5":2,"6":2,"7":2,"8":2,"9":2,"10":0,"11":0,"12":0,"13":0,"14":0,"15":0,"16":0,"17":2,"18":2,"19":2,"20":2,"21":2,"22":2,"23":2,"24":2,"25":0,"26":2,"27":1,"28":1,"29":1,"30":1,"31":1,"32":1,"33":1,"34":1,"35":1,"36":1,"37":1,"38":1,"39":1,"40":1,"41":1,"42":1,"43":1,"44":1,"45":1,"46":1,"47":1,"48":1,"49":1,"50":1,"51":1,"52":1,"53":1,"54":1,"55":1,"56":1,"57":1,"58":1,"59":1,"60":1,"61":1,"62":2,"63":2},"b":{"1":[2,1,1],"2":[2,0],"3":[2,1,1],"4":[2,1],"5":[1,1],"6":[2,2],"7":[1,1]},"f":{"1":2,"2":2,"3":2,"4":0,"5":2,"6":0},"fnMap":{"1":{"name":"(anonymous_1)","line":13,"loc":{"start":{"line":13,"column":1},"end":{"line":13,"column":13}}},"2":{"name":"(anonymous_2)","line":21,"loc":{"start":{"line":21,"column":5},"end":{"line":21,"column":17}},"skip":true},"3":{"name":"(anonymous_3)","line":23,"loc":{"start":{"line":23,"column":9},"end":{"line":23,"column":21}},"skip":true},"4":{"name":"(anonymous_4)","line":31,"loc":{"start":{"line":31,"column":27},"end":{"line":31,"column":43}},"skip":true},"5":{"name":"(anonymous_5)","line":47,"loc":{"start":{"line":47,"column":9},"end":{"line":47,"column":21}},"skip":true},"6":{"name":"(anonymous_6)","line":65,"loc":{"start":{"line":65,"column":20},"end":{"line":65,"column":32}},"skip":true}},"statementMap":{"1":{"start":{"line":13,"column":0},"end":{"line":120,"column":5}},"2":{"start":{"line":15,"column":4},"end":{"line":15,"column":14}},"3":{"start":{"line":21,"column":4},"end":{"line":119,"column":9},"skip":true},"4":{"start":{"line":23,"column":8},"end":{"line":43,"column":13},"skip":true},"5":{"start":{"line":24,"column":12},"end":{"line":24,"column":43},"skip":true},"6":{"start":{"line":25,"column":12},"end":{"line":25,"column":71},"skip":true},"7":{"start":{"line":26,"column":12},"end":{"line":26,"column":52},"skip":true},"8":{"start":{"line":27,"column":12},"end":{"line":29,"column":13},"skip":true},"9":{"start":{"line":28,"column":16},"end":{"line":28,"column":23},"skip":true},"10":{"start":{"line":30,"column":12},"end":{"line":30,"column":41},"skip":true},"11":{"start":{"line":31,"column":12},"end":{"line":42,"column":14},"skip":true},"12":{"start":{"line":36,"column":16},"end":{"line":36,"column":61},"skip":true},"13":{"start":{"line":37,"column":16},"end":{"line":37,"column":43},"skip":true},"14":{"start":{"line":38,"column":16},"end":{"line":38,"column":55},"skip":true},"15":{"start":{"line":39,"column":16},"end":{"line":39,"column":35},"skip":true},"16":{"start":{"line":41,"column":16},"end":{"line":41,"column":28},"skip":true},"17":{"start":{"line":45,"column":8},"end":{"line":45,"column":19},"skip":true},"18":{"start":{"line":47,"column":8},"end":{"line":55,"column":13},"skip":true},"19":{"start":{"line":48,"column":12},"end":{"line":53,"column":13},"skip":true},"20":{"start":{"line":49,"column":16},"end":{"line":51,"column":27},"skip":true},"21":{"start":{"line":54,"column":12},"end":{"line":54,"column":53},"skip":true},"22":{"start":{"line":57,"column":8},"end":{"line":59,"column":21},"skip":true},"23":{"start":{"line":61,"column":8},"end":{"line":63,"column":18},"skip":true},"24":{"start":{"line":65,"column":8},"end":{"line":70,"column":10},"skip":true},"25":{"start":{"line":69,"column":12},"end":{"line":69,"column":19},"skip":true},"26":{"start":{"line":72,"column":8},"end":{"line":111,"column":9},"skip":true},"27":{"start":{"line":73,"column":12},"end":{"line":73,"column":56},"skip":true},"28":{"start":{"line":77,"column":12},"end":{"line":77,"column":45},"skip":true},"29":{"start":{"line":78,"column":12},"end":{"line":78,"column":59},"skip":true},"30":{"start":{"line":79,"column":12},"end":{"line":79,"column":47},"skip":true},"31":{"start":{"line":80,"column":12},"end":{"line":80,"column":47},"skip":true},"32":{"start":{"line":81,"column":12},"end":{"line":81,"column":51},"skip":true},"33":{"start":{"line":82,"column":12},"end":{"line":82,"column":45},"skip":true},"34":{"start":{"line":83,"column":12},"end":{"line":83,"column":43},"skip":true},"35":{"start":{"line":84,"column":12},"end":{"line":84,"column":39},"skip":true},"36":{"start":{"line":85,"column":12},"end":{"line":85,"column":45},"skip":true},"37":{"start":{"line":86,"column":12},"end":{"line":86,"column":45},"skip":true},"38":{"start":{"line":87,"column":12},"end":{"line":87,"column":37},"skip":true},"39":{"start":{"line":88,"column":12},"end":{"line":88,"column":41},"skip":true},"40":{"start":{"line":89,"column":12},"end":{"line":89,"column":43},"skip":true},"41":{"start":{"line":90,"column":12},"end":{"line":90,"column":45},"skip":true},"42":{"start":{"line":91,"column":12},"end":{"line":91,"column":39},"skip":true},"43":{"start":{"line":92,"column":12},"end":{"line":92,"column":37},"skip":true},"44":{"start":{"line":93,"column":12},"end":{"line":93,"column":41},"skip":true},"45":{"start":{"line":94,"column":12},"end":{"line":94,"column":47},"skip":true},"46":{"start":{"line":95,"column":12},"end":{"line":95,"column":49},"skip":true},"47":{"start":{"line":96,"column":12},"end":{"line":96,"column":55},"skip":true},"48":{"start":{"line":97,"column":12},"end":{"line":97,"column":49},"skip":true},"49":{"start":{"line":98,"column":12},"end":{"line":98,"column":41},"skip":true},"50":{"start":{"line":99,"column":12},"end":{"line":99,"column":45},"skip":true},"51":{"start":{"line":100,"column":12},"end":{"line":100,"column":61},"skip":true},"52":{"start":{"line":101,"column":12},"end":{"line":101,"column":45},"skip":true},"53":{"start":{"line":102,"column":12},"end":{"line":102,"column":39},"skip":true},"54":{"start":{"line":103,"column":12},"end":{"line":103,"column":39},"skip":true},"55":{"start":{"line":104,"column":12},"end":{"line":104,"column":39},"skip":true},"56":{"start":{"line":105,"column":12},"end":{"line":105,"column":41},"skip":true},"57":{"start":{"line":106,"column":12},"end":{"line":106,"column":37},"skip":true},"58":{"start":{"line":107,"column":12},"end":{"line":107,"column":37},"skip":true},"59":{"start":{"line":108,"column":12},"end":{"line":108,"column":41},"skip":true},"60":{"start":{"line":109,"column":12},"end":{"line":109,"column":35},"skip":true},"61":{"start":{"line":110,"column":12},"end":{"line":110,"column":49},"skip":true},"62":{"start":{"line":113,"column":8},"end":{"line":113,"column":50},"skip":true},"63":{"start":{"line":118,"column":8},"end":{"line":118,"column":15},"skip":true}},"branchMap":{"1":{"line":25,"type":"binary-expr","locations":[{"start":{"line":25,"column":23},"end":{"line":25,"column":49},"skip":true},{"start":{"line":25,"column":53},"end":{"line":25,"column":59},"skip":true},{"start":{"line":25,"column":64},"end":{"line":25,"column":70},"skip":true}]},"2":{"line":27,"type":"if","locations":[{"start":{"line":27,"column":12},"end":{"line":27,"column":12},"skip":true},{"start":{"line":27,"column":12},"end":{"line":27,"column":12},"skip":true}]},"3":{"line":49,"type":"binary-expr","locations":[{"start":{"line":49,"column":31},"end":{"line":49,"column":72},"skip":true},{"start":{"line":50,"column":20},"end":{"line":50,"column":70},"skip":true},{"start":{"line":51,"column":20},"end":{"line":51,"column":26},"skip":true}]},"4":{"line":54,"type":"binary-expr","locations":[{"start":{"line":54,"column":27},"end":{"line":54,"column":39},"skip":true},{"start":{"line":54,"column":43},"end":{"line":54,"column":52},"skip":true}]},"5":{"line":57,"type":"cond-expr","locations":[{"start":{"line":58,"column":14},"end":{"line":58,"column":20},"skip":true},{"start":{"line":59,"column":14},"end":{"line":59,"column":20},"skip":true}]},"6":{"line":61,"type":"binary-expr","locations":[{"start":{"line":61,"column":16},"end":{"line":61,"column":44},"skip":true},{"start":{"line":63,"column":12},"end":{"line":63,"column":17},"skip":true}]},"7":{"line":72,"type":"if","locations":[{"start":{"line":72,"column":8},"end":{"line":72,"column":8},"skip":true},{"start":{"line":72,"column":8},"end":{"line":72,"column":8},"skip":true}]}},"code":["/* istanbul instrument in package npmtest_chalk */","/* jslint-utility2 */","/*jslint","    bitwise: true,","    browser: true,","    maxerr: 4,","    maxlen: 100,","    node: true,","    nomen: true,","    regexp: true,","    stupid: true","*/","(function () {","    'use strict';","    var local;","","","","    // run shared js-env code - init-before","    /* istanbul ignore next */","    (function () {","        // init debug_inline","        (function () {","            var consoleError, context, key;","            context = (typeof window === \"object\" && window) || global;","            key = \"debug_inline\".replace(\"_i\", \"I\");","            if (context[key]) {","                return;","            }","            consoleError = console.error;","            context[key] = function (arg0) {","            /*","             * this function will both print arg0 to stderr and return it","             */","                // debug arguments","                context[\"_\" + key + \"Arguments\"] = arguments;","                consoleError(\"\\n\\n\" + key);","                consoleError.apply(console, arguments);","                consoleError(\"\\n\");","                // return arg0 for inspection","                return arg0;","            };","        }());","        // init local","        local = {};","        // init modeJs","        (function () {","            try {","                local.modeJs = typeof process.versions.node === 'string' &&","                    typeof require('http').createServer === 'function' &&","                    'node';","            } catch (ignore) {","            }","            local.modeJs = local.modeJs || 'browser';","        }());","        // init global","        local.global = local.modeJs === 'browser'","            ? window","            : global;","        // re-init local","        local = local.global.utility2_rollup ||","            // local.global.utility2_rollup_old || require('./assets.utility2.rollup.js') ||","            local;","        // init nop","        local.nop = function () {","        /*","         * this function will do nothing","         */","            return;","        };","        // init exports","        if (local.modeJs === 'browser') {","            local.global.utility2_npmtest_chalk = local;","        } else {","            // require builtins","            // local.assert = require('assert');","            local.buffer = require('buffer');","            local.child_process = require('child_process');","            local.cluster = require('cluster');","            local.console = require('console');","            local.constants = require('constants');","            local.crypto = require('crypto');","            local.dgram = require('dgram');","            local.dns = require('dns');","            local.domain = require('domain');","            local.events = require('events');","            local.fs = require('fs');","            local.http = require('http');","            local.https = require('https');","            local.module = require('module');","            local.net = require('net');","            local.os = require('os');","            local.path = require('path');","            local.process = require('process');","            local.punycode = require('punycode');","            local.querystring = require('querystring');","            local.readline = require('readline');","            local.repl = require('repl');","            local.stream = require('stream');","            local.string_decoder = require('string_decoder');","            local.timers = require('timers');","            local.tls = require('tls');","            local.tty = require('tty');","            local.url = require('url');","            local.util = require('util');","            local.v8 = require('v8');","            local.vm = require('vm');","            local.zlib = require('zlib');","            module.exports = local;","            module.exports.__dirname = __dirname;","        }","        // init lib main","        local.local = local.npmtest_chalk = local;","","","","        /* validateLineSortedReset */","        return;","    }());","}());",""],"l":{"13":2,"15":2,"21":2,"23":2,"24":2,"25":2,"26":2,"27":2,"28":2,"30":1,"31":1,"36":1,"37":1,"38":1,"39":1,"41":1,"45":2,"47":2,"48":2,"49":2,"54":2,"57":2,"61":2,"65":2,"69":1,"72":2,"73":1,"77":1,"78":1,"79":1,"80":1,"81":1,"82":1,"83":1,"84":1,"85":1,"86":1,"87":1,"88":1,"89":1,"90":1,"91":1,"92":1,"93":1,"94":1,"95":1,"96":1,"97":1,"98":1,"99":1,"100":1,"101":1,"102":1,"103":1,"104":1,"105":1,"106":1,"107":1,"108":1,"109":1,"110":1,"113":2,"118":2}},"/home/travis/build/npmtest/node-npmtest-chalk/example.js":{"path":"/home/travis/build/npmtest/node-npmtest-chalk/example.js","s":{"1":2,"2":2,"3":2,"4":2,"5":2,"6":2,"7":2,"8":2,"9":2,"10":2,"11":2,"12":2,"13":1,"14":2,"15":2,"16":2,"17":2,"18":2,"19":0,"20":2,"21":1,"22":1,"23":1,"24":1,"25":1,"26":0,"27":0,"28":1,"29":1,"30":2,"31":0,"32":0,"33":0,"34":1,"35":2,"36":2,"37":20,"38":20,"39":20,"40":20,"41":0,"42":20,"43":20,"44":20,"45":1,"46":3,"47":1,"48":1,"49":1,"50":1,"51":1,"52":1,"53":1,"54":1,"55":1,"56":1,"57":1,"58":1,"59":1,"60":1,"61":1,"62":1,"63":1,"64":1,"65":1,"66":1,"67":1,"68":1,"69":1,"70":1,"71":1,"72":1,"73":1,"74":1,"75":1,"76":1,"77":1,"78":1,"79":1,"80":1,"81":1,"82":1,"83":1,"84":1,"85":3,"86":3,"87":3,"88":0,"89":1,"90":1,"91":1,"92":6,"93":1,"94":2,"95":0,"96":2,"97":1,"98":1,"99":1,"100":0,"101":0,"102":0,"103":0,"104":0,"105":0,"106":0,"107":0,"108":0,"109":0,"110":0,"111":0,"112":0,"113":0,"114":0,"115":0},"b":{"1":[2,1,1],"2":[2,1],"3":[1,1],"4":[2,2],"5":[1,1],"6":[1,1],"7":[2,0],"8":[2,1,1,1,1,1],"9":[0,2,0],"10":[1,1],"11":[2,1,1],"12":[1,0],"13":[0,2],"14":[2,0,0,0,0,0,0],"15":[0,20],"16":[20,0],"17":[1,1],"18":[3,3],"19":[0,3],"20":[1,1],"21":[1,2,0,2,1],"22":[1,0],"23":[1,0],"24":[0,0],"25":[0,0],"26":[0,0],"27":[0,0],"28":[0,0],"29":[0,0]},"f":{"1":2,"2":2,"3":2,"4":2,"5":2,"6":2,"7":20,"8":20,"9":3,"10":1,"11":3,"12":6,"13":0},"fnMap":{"1":{"name":"(anonymous_1)","line":28,"loc":{"start":{"line":28,"column":1},"end":{"line":28,"column":13}}},"2":{"name":"(anonymous_2)","line":35,"loc":{"start":{"line":35,"column":5},"end":{"line":35,"column":17}}},"3":{"name":"(anonymous_3)","line":39,"loc":{"start":{"line":39,"column":9},"end":{"line":39,"column":21}}},"4":{"name":"(anonymous_4)","line":66,"loc":{"start":{"line":66,"column":31},"end":{"line":66,"column":48}},"skip":true},"5":{"name":"(anonymous_5)","line":75,"loc":{"start":{"line":75,"column":26},"end":{"line":75,"column":45}},"skip":true},"6":{"name":"(anonymous_6)","line":119,"loc":{"start":{"line":119,"column":33},"end":{"line":119,"column":48}},"skip":true},"7":{"name":"(anonymous_7)","line":121,"loc":{"start":{"line":121,"column":27},"end":{"line":121,"column":39}},"skip":true},"8":{"name":"(anonymous_8)","line":129,"loc":{"start":{"line":129,"column":59},"end":{"line":129,"column":74}},"skip":true},"9":{"name":"(anonymous_9)","line":139,"loc":{"start":{"line":139,"column":45},"end":{"line":139,"column":62}},"skip":true},"10":{"name":"(anonymous_10)","line":140,"loc":{"start":{"line":140,"column":73},"end":{"line":140,"column":92}},"skip":true},"11":{"name":"(anonymous_11)","line":196,"loc":{"start":{"line":196,"column":18},"end":{"line":196,"column":34}},"skip":true},"12":{"name":"(anonymous_12)","line":469,"loc":{"start":{"line":469,"column":47},"end":{"line":469,"column":73}},"skip":true},"13":{"name":"(anonymous_13)","line":502,"loc":{"start":{"line":502,"column":32},"end":{"line":502,"column":61}},"skip":true}},"statementMap":{"1":{"start":{"line":28,"column":0},"end":{"line":513,"column":5}},"2":{"start":{"line":30,"column":4},"end":{"line":30,"column":14}},"3":{"start":{"line":35,"column":4},"end":{"line":58,"column":9}},"4":{"start":{"line":37,"column":8},"end":{"line":37,"column":19}},"5":{"start":{"line":39,"column":8},"end":{"line":47,"column":13}},"6":{"start":{"line":40,"column":12},"end":{"line":45,"column":13}},"7":{"start":{"line":41,"column":16},"end":{"line":43,"column":27}},"8":{"start":{"line":46,"column":12},"end":{"line":46,"column":53}},"9":{"start":{"line":49,"column":8},"end":{"line":51,"column":21}},"10":{"start":{"line":53,"column":8},"end":{"line":55,"column":45}},"11":{"start":{"line":57,"column":8},"end":{"line":57,"column":35}},"12":{"start":{"line":59,"column":4},"end":{"line":512,"column":5}},"13":{"start":{"line":66,"column":8},"end":{"line":117,"column":10},"skip":true},"14":{"start":{"line":67,"column":12},"end":{"line":85,"column":13},"skip":true},"15":{"start":{"line":73,"column":16},"end":{"line":84,"column":19},"skip":true},"16":{"start":{"line":76,"column":20},"end":{"line":83,"column":21},"skip":true},"17":{"start":{"line":79,"column":24},"end":{"line":79,"column":43},"skip":true},"18":{"start":{"line":80,"column":24},"end":{"line":80,"column":30},"skip":true},"19":{"start":{"line":82,"column":24},"end":{"line":82,"column":49},"skip":true},"20":{"start":{"line":86,"column":12},"end":{"line":103,"column":13},"skip":true},"21":{"start":{"line":89,"column":16},"end":{"line":98,"column":17},"skip":true},"22":{"start":{"line":90,"column":20},"end":{"line":90,"column":88},"skip":true},"23":{"start":{"line":91,"column":20},"end":{"line":91,"column":97},"skip":true},"24":{"start":{"line":92,"column":20},"end":{"line":92,"column":42},"skip":true},"25":{"start":{"line":93,"column":20},"end":{"line":93,"column":48},"skip":true},"26":{"start":{"line":96,"column":20},"end":{"line":96,"column":86},"skip":true},"27":{"start":{"line":97,"column":20},"end":{"line":97,"column":96},"skip":true},"28":{"start":{"line":99,"column":16},"end":{"line":99,"column":22},"skip":true},"29":{"start":{"line":102,"column":16},"end":{"line":102,"column":22},"skip":true},"30":{"start":{"line":104,"column":12},"end":{"line":116,"column":13},"skip":true},"31":{"start":{"line":110,"column":16},"end":{"line":115,"column":17},"skip":true},"32":{"start":{"line":112,"column":20},"end":{"line":112,"column":78},"skip":true},"33":{"start":{"line":114,"column":20},"end":{"line":114,"column":47},"skip":true},"34":{"start":{"line":119,"column":8},"end":{"line":137,"column":11},"skip":true},"35":{"start":{"line":120,"column":12},"end":{"line":120,"column":54},"skip":true},"36":{"start":{"line":121,"column":12},"end":{"line":136,"column":14},"skip":true},"37":{"start":{"line":122,"column":16},"end":{"line":122,"column":28},"skip":true},"38":{"start":{"line":123,"column":16},"end":{"line":123,"column":69},"skip":true},"39":{"start":{"line":124,"column":16},"end":{"line":124,"column":75},"skip":true},"40":{"start":{"line":125,"column":16},"end":{"line":127,"column":17},"skip":true},"41":{"start":{"line":126,"column":20},"end":{"line":126,"column":27},"skip":true},"42":{"start":{"line":129,"column":16},"end":{"line":133,"column":36},"skip":true},"43":{"start":{"line":130,"column":20},"end":{"line":132,"column":55},"skip":true},"44":{"start":{"line":135,"column":16},"end":{"line":135,"column":57},"skip":true},"45":{"start":{"line":139,"column":8},"end":{"line":143,"column":11},"skip":true},"46":{"start":{"line":140,"column":12},"end":{"line":142,"column":15},"skip":true},"47":{"start":{"line":141,"column":16},"end":{"line":141,"column":70},"skip":true},"48":{"start":{"line":145,"column":8},"end":{"line":145,"column":31},"skip":true},"49":{"start":{"line":146,"column":8},"end":{"line":146,"column":14},"skip":true},"50":{"start":{"line":154,"column":8},"end":{"line":154,"column":31},"skip":true},"51":{"start":{"line":157,"column":8},"end":{"line":157,"column":41},"skip":true},"52":{"start":{"line":158,"column":8},"end":{"line":158,"column":55},"skip":true},"53":{"start":{"line":159,"column":8},"end":{"line":159,"column":43},"skip":true},"54":{"start":{"line":160,"column":8},"end":{"line":160,"column":43},"skip":true},"55":{"start":{"line":161,"column":8},"end":{"line":161,"column":47},"skip":true},"56":{"start":{"line":162,"column":8},"end":{"line":162,"column":41},"skip":true},"57":{"start":{"line":163,"column":8},"end":{"line":163,"column":39},"skip":true},"58":{"start":{"line":164,"column":8},"end":{"line":164,"column":35},"skip":true},"59":{"start":{"line":165,"column":8},"end":{"line":165,"column":41},"skip":true},"60":{"start":{"line":166,"column":8},"end":{"line":166,"column":41},"skip":true},"61":{"start":{"line":167,"column":8},"end":{"line":167,"column":33},"skip":true},"62":{"start":{"line":168,"column":8},"end":{"line":168,"column":37},"skip":true},"63":{"start":{"line":169,"column":8},"end":{"line":169,"column":39},"skip":true},"64":{"start":{"line":170,"column":8},"end":{"line":170,"column":41},"skip":true},"65":{"start":{"line":171,"column":8},"end":{"line":171,"column":35},"skip":true},"66":{"start":{"line":172,"column":8},"end":{"line":172,"column":33},"skip":true},"67":{"start":{"line":173,"column":8},"end":{"line":173,"column":37},"skip":true},"68":{"start":{"line":174,"column":8},"end":{"line":174,"column":43},"skip":true},"69":{"start":{"line":175,"column":8},"end":{"line":175,"column":45},"skip":true},"70":{"start":{"line":176,"column":8},"end":{"line":176,"column":51},"skip":true},"71":{"start":{"line":177,"column":8},"end":{"line":177,"column":45},"skip":true},"72":{"start":{"line":178,"column":8},"end":{"line":178,"column":37},"skip":true},"73":{"start":{"line":179,"column":8},"end":{"line":179,"column":41},"skip":true},"74":{"start":{"line":180,"column":8},"end":{"line":180,"column":57},"skip":true},"75":{"start":{"line":181,"column":8},"end":{"line":181,"column":41},"skip":true},"76":{"start":{"line":182,"column":8},"end":{"line":182,"column":35},"skip":true},"77":{"start":{"line":183,"column":8},"end":{"line":183,"column":35},"skip":true},"78":{"start":{"line":184,"column":8},"end":{"line":184,"column":35},"skip":true},"79":{"start":{"line":185,"column":8},"end":{"line":185,"column":37},"skip":true},"80":{"start":{"line":186,"column":8},"end":{"line":186,"column":33},"skip":true},"81":{"start":{"line":187,"column":8},"end":{"line":187,"column":33},"skip":true},"82":{"start":{"line":188,"column":8},"end":{"line":188,"column":37},"skip":true},"83":{"start":{"line":191,"column":8},"end":{"line":191,"column":50},"skip":true},"84":{"start":{"line":192,"column":8},"end":{"line":205,"column":11},"skip":true},"85":{"start":{"line":197,"column":12},"end":{"line":197,"column":30},"skip":true},"86":{"start":{"line":198,"column":12},"end":{"line":198,"column":66},"skip":true},"87":{"start":{"line":199,"column":12},"end":{"line":204,"column":13},"skip":true},"88":{"start":{"line":200,"column":16},"end":{"line":203,"column":18},"skip":true},"89":{"start":{"line":207,"column":8},"end":{"line":455,"column":2},"skip":true},"90":{"start":{"line":460,"column":8},"end":{"line":463,"column":36},"skip":true},"91":{"start":{"line":466,"column":8},"end":{"line":482,"column":15},"skip":true},"92":{"start":{"line":470,"column":16},"end":{"line":481,"column":17},"skip":true},"93":{"start":{"line":472,"column":20},"end":{"line":472,"column":60},"skip":true},"94":{"start":{"line":474,"column":20},"end":{"line":474,"column":43},"skip":true},"95":{"start":{"line":476,"column":20},"end":{"line":476,"column":43},"skip":true},"96":{"start":{"line":478,"column":20},"end":{"line":478,"column":35},"skip":true},"97":{"start":{"line":480,"column":20},"end":{"line":480,"column":34},"skip":true},"98":{"start":{"line":484,"column":8},"end":{"line":486,"column":9},"skip":true},"99":{"start":{"line":485,"column":12},"end":{"line":485,"column":18},"skip":true},"100":{"start":{"line":487,"column":8},"end":{"line":489,"column":54},"skip":true},"101":{"start":{"line":490,"column":8},"end":{"line":490,"column":82},"skip":true},"102":{"start":{"line":493,"column":8},"end":{"line":495,"column":9},"skip":true},"103":{"start":{"line":494,"column":12},"end":{"line":494,"column":82},"skip":true},"104":{"start":{"line":497,"column":8},"end":{"line":499,"column":9},"skip":true},"105":{"start":{"line":498,"column":12},"end":{"line":498,"column":18},"skip":true},"106":{"start":{"line":500,"column":8},"end":{"line":500,"column":54},"skip":true},"107":{"start":{"line":501,"column":8},"end":{"line":501,"column":69},"skip":true},"108":{"start":{"line":502,"column":8},"end":{"line":510,"column":36},"skip":true},"109":{"start":{"line":503,"column":12},"end":{"line":503,"column":61},"skip":true},"110":{"start":{"line":504,"column":12},"end":{"line":507,"column":13},"skip":true},"111":{"start":{"line":505,"column":16},"end":{"line":505,"column":75},"skip":true},"112":{"start":{"line":506,"column":16},"end":{"line":506,"column":23},"skip":true},"113":{"start":{"line":508,"column":12},"end":{"line":508,"column":38},"skip":true},"114":{"start":{"line":509,"column":12},"end":{"line":509,"column":27},"skip":true},"115":{"start":{"line":511,"column":8},"end":{"line":511,"column":14},"skip":true}},"branchMap":{"1":{"line":41,"type":"binary-expr","locations":[{"start":{"line":41,"column":31},"end":{"line":41,"column":72}},{"start":{"line":42,"column":20},"end":{"line":42,"column":70}},{"start":{"line":43,"column":20},"end":{"line":43,"column":26}}]},"2":{"line":46,"type":"binary-expr","locations":[{"start":{"line":46,"column":27},"end":{"line":46,"column":39}},{"start":{"line":46,"column":43},"end":{"line":46,"column":52}}]},"3":{"line":49,"type":"cond-expr","locations":[{"start":{"line":50,"column":14},"end":{"line":50,"column":20}},{"start":{"line":51,"column":14},"end":{"line":51,"column":20}}]},"4":{"line":53,"type":"binary-expr","locations":[{"start":{"line":53,"column":16},"end":{"line":53,"column":44}},{"start":{"line":53,"column":49},"end":{"line":55,"column":43}}]},"5":{"line":53,"type":"cond-expr","locations":[{"start":{"line":54,"column":14},"end":{"line":54,"column":49}},{"start":{"line":55,"column":14},"end":{"line":55,"column":43}}]},"6":{"line":59,"type":"switch","locations":[{"start":{"line":65,"column":4},"end":{"line":146,"column":14},"skip":true},{"start":{"line":152,"column":4},"end":{"line":511,"column":14},"skip":true}]},"7":{"line":67,"type":"if","locations":[{"start":{"line":67,"column":12},"end":{"line":67,"column":12},"skip":true},{"start":{"line":67,"column":12},"end":{"line":67,"column":12},"skip":true}]},"8":{"line":67,"type":"binary-expr","locations":[{"start":{"line":67,"column":16},"end":{"line":67,"column":22},"skip":true},{"start":{"line":67,"column":27},"end":{"line":67,"column":32},"skip":true},{"start":{"line":68,"column":20},"end":{"line":68,"column":39},"skip":true},{"start":{"line":69,"column":20},"end":{"line":69,"column":49},"skip":true},{"start":{"line":70,"column":20},"end":{"line":70,"column":58},"skip":true},{"start":{"line":71,"column":20},"end":{"line":71,"column":69},"skip":true}]},"9":{"line":76,"type":"switch","locations":[{"start":{"line":77,"column":20},"end":{"line":77,"column":33},"skip":true},{"start":{"line":78,"column":20},"end":{"line":80,"column":30},"skip":true},{"start":{"line":81,"column":20},"end":{"line":82,"column":49},"skip":true}]},"10":{"line":86,"type":"switch","locations":[{"start":{"line":87,"column":12},"end":{"line":99,"column":22},"skip":true},{"start":{"line":101,"column":12},"end":{"line":102,"column":22},"skip":true}]},"11":{"line":86,"type":"binary-expr","locations":[{"start":{"line":86,"column":20},"end":{"line":86,"column":25},"skip":true},{"start":{"line":86,"column":29},"end":{"line":86,"column":48},"skip":true},{"start":{"line":86,"column":52},"end":{"line":86,"column":74},"skip":true}]},"12":{"line":89,"type":"if","locations":[{"start":{"line":89,"column":16},"end":{"line":89,"column":16},"skip":true},{"start":{"line":89,"column":16},"end":{"line":89,"column":16},"skip":true}]},"13":{"line":104,"type":"if","locations":[{"start":{"line":104,"column":12},"end":{"line":104,"column":12},"skip":true},{"start":{"line":104,"column":12},"end":{"line":104,"column":12},"skip":true}]},"14":{"line":104,"type":"binary-expr","locations":[{"start":{"line":104,"column":16},"end":{"line":104,"column":61},"skip":true},{"start":{"line":104,"column":66},"end":{"line":104,"column":72},"skip":true},{"start":{"line":104,"column":77},"end":{"line":104,"column":82},"skip":true},{"start":{"line":105,"column":20},"end":{"line":105,"column":39},"skip":true},{"start":{"line":106,"column":20},"end":{"line":106,"column":49},"skip":true},{"start":{"line":107,"column":20},"end":{"line":107,"column":58},"skip":true},{"start":{"line":108,"column":20},"end":{"line":108,"column":68},"skip":true}]},"15":{"line":125,"type":"if","locations":[{"start":{"line":125,"column":16},"end":{"line":125,"column":16},"skip":true},{"start":{"line":125,"column":16},"end":{"line":125,"column":16},"skip":true}]},"16":{"line":130,"type":"cond-expr","locations":[{"start":{"line":131,"column":26},"end":{"line":131,"column":29},"skip":true},{"start":{"line":132,"column":26},"end":{"line":132,"column":54},"skip":true}]},"17":{"line":191,"type":"binary-expr","locations":[{"start":{"line":191,"column":27},"end":{"line":191,"column":43},"skip":true},{"start":{"line":191,"column":47},"end":{"line":191,"column":49},"skip":true}]},"18":{"line":198,"type":"binary-expr","locations":[{"start":{"line":198,"column":37},"end":{"line":198,"column":59},"skip":true},{"start":{"line":198,"column":63},"end":{"line":198,"column":65},"skip":true}]},"19":{"line":199,"type":"if","locations":[{"start":{"line":199,"column":12},"end":{"line":199,"column":12},"skip":true},{"start":{"line":199,"column":12},"end":{"line":199,"column":12},"skip":true}]},"20":{"line":461,"type":"binary-expr","locations":[{"start":{"line":461,"column":12},"end":{"line":461,"column":56},"skip":true},{"start":{"line":462,"column":12},"end":{"line":463,"column":35},"skip":true}]},"21":{"line":470,"type":"switch","locations":[{"start":{"line":471,"column":16},"end":{"line":472,"column":60},"skip":true},{"start":{"line":473,"column":16},"end":{"line":474,"column":43},"skip":true},{"start":{"line":475,"column":16},"end":{"line":476,"column":43},"skip":true},{"start":{"line":477,"column":16},"end":{"line":478,"column":35},"skip":true},{"start":{"line":479,"column":16},"end":{"line":480,"column":34},"skip":true}]},"22":{"line":484,"type":"if","locations":[{"start":{"line":484,"column":8},"end":{"line":484,"column":8},"skip":true},{"start":{"line":484,"column":8},"end":{"line":484,"column":8},"skip":true}]},"23":{"line":484,"type":"binary-expr","locations":[{"start":{"line":484,"column":12},"end":{"line":484,"column":35},"skip":true},{"start":{"line":484,"column":39},"end":{"line":484,"column":67},"skip":true}]},"24":{"line":488,"type":"binary-expr","locations":[{"start":{"line":488,"column":12},"end":{"line":488,"column":50},"skip":true},{"start":{"line":489,"column":12},"end":{"line":489,"column":53},"skip":true}]},"25":{"line":490,"type":"binary-expr","locations":[{"start":{"line":490,"column":43},"end":{"line":490,"column":75},"skip":true},{"start":{"line":490,"column":79},"end":{"line":490,"column":81},"skip":true}]},"26":{"line":493,"type":"if","locations":[{"start":{"line":493,"column":8},"end":{"line":493,"column":8},"skip":true},{"start":{"line":493,"column":8},"end":{"line":493,"column":8},"skip":true}]},"27":{"line":497,"type":"if","locations":[{"start":{"line":497,"column":8},"end":{"line":497,"column":8},"skip":true},{"start":{"line":497,"column":8},"end":{"line":497,"column":8},"skip":true}]},"28":{"line":500,"type":"binary-expr","locations":[{"start":{"line":500,"column":27},"end":{"line":500,"column":43},"skip":true},{"start":{"line":500,"column":47},"end":{"line":500,"column":53},"skip":true}]},"29":{"line":504,"type":"if","locations":[{"start":{"line":504,"column":12},"end":{"line":504,"column":12},"skip":true},{"start":{"line":504,"column":12},"end":{"line":504,"column":12},"skip":true}]}},"code":["/*","example.js","","this script will run a web-demo of npmtest-chalk","","instruction","    1. save this script as example.js","    2. run the shell command:","        $ npm install npmtest-chalk && PORT=8081 node example.js","    3. open a browser to http://127.0.0.1:8081 and play with the web-demo","    4. edit this script to suit your needs","*/","","","","/* istanbul instrument in package npmtest_chalk */","/* jslint-utility2 */","/*jslint","    bitwise: true,","    browser: true,","    maxerr: 4,","    maxlen: 100,","    node: true,","    nomen: true,","    regexp: true,","    stupid: true","*/","(function () {","    'use strict';","    var local;","","","","    // run shared js-env code - init-before","    (function () {","        // init local","        local = {};","        // init modeJs","        (function () {","            try {","                local.modeJs = typeof process.versions.node === 'string' &&","                    typeof require('http').createServer === 'function' &&","                    'node';","            } catch (ignore) {","            }","            local.modeJs = local.modeJs || 'browser';","        }());","        // init global","        local.global = local.modeJs === 'browser'","            ? window","            : global;","        // re-init local","        local = local.global.utility2_rollup || (local.modeJs === 'browser'","            ? local.global.utility2_npmtest_chalk","            : global.utility2_moduleExports);","        // init exports","        local.global.local = local;","    }());","    switch (local.modeJs) {","","","","    // run browser js-env code - init-test","    /* istanbul ignore next */","    case 'browser':","        local.testRunBrowser = function (event) {","            if (!event || (event &&","                    event.currentTarget &&","                    event.currentTarget.className &&","                    event.currentTarget.className.includes &&","                    event.currentTarget.className.includes('onreset'))) {","                // reset output","                Array.from(","                    document.querySelectorAll('body > .resettable')","                ).forEach(function (element) {","                    switch (element.tagName) {","                    case 'INPUT':","                    case 'TEXTAREA':","                        element.value = '';","                        break;","                    default:","                        element.textContent = '';","                    }","                });","            }","            switch (event && event.currentTarget && event.currentTarget.id) {","            case 'testRunButton1':","                // show tests","                if (document.querySelector('#testReportDiv1').style.maxHeight === '0px') {","                    local.uiAnimateSlideDown(document.querySelector('#testReportDiv1'));","                    document.querySelector('#testRunButton1').textContent = 'hide internal test';","                    local.modeTest = true;","                    local.testRunDefault(local);","                // hide tests","                } else {","                    local.uiAnimateSlideUp(document.querySelector('#testReportDiv1'));","                    document.querySelector('#testRunButton1').textContent = 'run internal test';","                }","                break;","            // custom-case","            default:","                break;","            }","            if (document.querySelector('#inputTextareaEval1') && (!event || (event &&","                    event.currentTarget &&","                    event.currentTarget.className &&","                    event.currentTarget.className.includes &&","                    event.currentTarget.className.includes('oneval')))) {","                // try to eval input-code","                try {","                    /*jslint evil: true*/","                    eval(document.querySelector('#inputTextareaEval1').value);","                } catch (errorCaught) {","                    console.error(errorCaught);","                }","            }","        };","        // log stderr and stdout to #outputTextareaStdout1","        ['error', 'log'].forEach(function (key) {","            console[key + '_original'] = console[key];","            console[key] = function () {","                var element;","                console[key + '_original'].apply(console, arguments);","                element = document.querySelector('#outputTextareaStdout1');","                if (!element) {","                    return;","                }","                // append text to #outputTextareaStdout1","                element.value += Array.from(arguments).map(function (arg) {","                    return typeof arg === 'string'","                        ? arg","                        : JSON.stringify(arg, null, 4);","                }).join(' ') + '\\n';","                // scroll textarea to bottom","                element.scrollTop = element.scrollHeight;","            };","        });","        // init event-handling","        ['change', 'click', 'keyup'].forEach(function (event) {","            Array.from(document.querySelectorAll('.on' + event)).forEach(function (element) {","                element.addEventListener(event, local.testRunBrowser);","            });","        });","        // run tests","        local.testRunBrowser();","        break;","","","","    // run node js-env code - init-test","    /* istanbul ignore next */","    case 'node':","        // init exports","        module.exports = local;","        // require builtins","        // local.assert = require('assert');","        local.buffer = require('buffer');","        local.child_process = require('child_process');","        local.cluster = require('cluster');","        local.console = require('console');","        local.constants = require('constants');","        local.crypto = require('crypto');","        local.dgram = require('dgram');","        local.dns = require('dns');","        local.domain = require('domain');","        local.events = require('events');","        local.fs = require('fs');","        local.http = require('http');","        local.https = require('https');","        local.module = require('module');","        local.net = require('net');","        local.os = require('os');","        local.path = require('path');","        local.process = require('process');","        local.punycode = require('punycode');","        local.querystring = require('querystring');","        local.readline = require('readline');","        local.repl = require('repl');","        local.stream = require('stream');","        local.string_decoder = require('string_decoder');","        local.timers = require('timers');","        local.tls = require('tls');","        local.tty = require('tty');","        local.url = require('url');","        local.util = require('util');","        local.v8 = require('v8');","        local.vm = require('vm');","        local.zlib = require('zlib');","        /* validateLineSortedReset */","        // init assets","        local.assetsDict = local.assetsDict || {};","        [","            'assets.index.template.html',","            'assets.swgg.swagger.json',","            'assets.swgg.swagger.server.json'","        ].forEach(function (file) {","            file = '/' + file;","            local.assetsDict[file] = local.assetsDict[file] || '';","            if (local.fs.existsSync(local.__dirname + file)) {","                local.assetsDict[file] = local.fs.readFileSync(","                    local.__dirname + file,","                    'utf8'","                );","            }","        });","        /* jslint-ignore-begin */","        local.assetsDict['/assets.index.template.html'] = '\\","<!doctype html>\\n\\","<html lang=\"en\">\\n\\","<head>\\n\\","<meta charset=\"UTF-8\">\\n\\","<meta name=\"viewport\" content=\"width=device-width, initial-scale=1\">\\n\\","<!-- \"assets.utility2.template.html\" -->\\n\\","<title>{{env.npm_package_name}} ({{env.npm_package_version}})</title>\\n\\","<style>\\n\\","/* jslint-utility2 */\\n\\","/*csslint\\n\\","*/\\n\\","/* jslint-ignore-begin */\\n\\","*,\\n\\","*:after,\\n\\","*:before {\\n\\","    box-sizing: border-box;\\n\\","}\\n\\","/* jslint-ignore-end */\\n\\","@keyframes uiAnimateShake {\\n\\","    0%, 50% {\\n\\","        transform: translateX(10px);\\n\\","    }\\n\\","    25%, 75% {\\n\\","        transform: translateX(-10px);\\n\\","    }\\n\\","    100% {\\n\\","        transform: translateX(0);\\n\\","    }\\n\\","}\\n\\","@keyframes uiAnimateSpin {\\n\\","    0% {\\n\\","        transform: rotate(0deg);\\n\\","    }\\n\\","    100% {\\n\\","        transform: rotate(360deg);\\n\\","    }\\n\\","}\\n\\","a {\\n\\","    overflow-wrap: break-word;\\n\\","}\\n\\","body {\\n\\","    background: #eef;\\n\\","    font-family: Arial, Helvetica, sans-serif;\\n\\","    margin: 0 40px;\\n\\","}\\n\\","body > div,\\n\\","body > pre,\\n\\","body > textarea,\\n\\","body > .button {\\n\\","    margin-bottom: 20px;\\n\\","}\\n\\","body > textarea {\\n\\","    height: 10rem;\\n\\","    width: 100%;\\n\\","}\\n\\","body > textarea[readonly] {\\n\\","    background: #ddd;\\n\\","}\\n\\","body > .button {\\n\\","    width: 20rem;\\n\\","}\\n\\","code,\\n\\","pre,\\n\\","textarea {\\n\\","    font-family: Consolas, Menlo, monospace;\\n\\","    font-size: small;\\n\\","}\\n\\","pre {\\n\\","    overflow-wrap: break-word;\\n\\","    white-space: pre-wrap;\\n\\","}\\n\\","textarea {\\n\\","    overflow: auto;\\n\\","    white-space: pre;\\n\\","}\\n\\",".button {\\n\\","    background-color: #fff;\\n\\","    border: 1px solid;\\n\\","    border-bottom-color: rgb(186, 186, 186);\\n\\","    border-left-color: rgb(209, 209, 209);\\n\\","    border-radius: 4px;\\n\\","    border-right-color: rgb(209, 209, 209);\\n\\","    border-top-color: rgb(216, 216, 216);\\n\\","    color: #00d;\\n\\","    cursor: pointer;\\n\\","    display: inline-block;\\n\\","    font-family: Arial, Helvetica, sans-serif;\\n\\","    font-size: 12px;\\n\\","    font-style: normal;\\n\\","    font-weight: normal;\\n\\","    margin: 0;\\n\\","    padding: 2px 7px 3px 7px;\\n\\","    text-align: center;\\n\\","    text-decoration: underline;\\n\\","}\\n\\",".colorError {\\n\\","    color: #d00;\\n\\","}\\n\\",".uiAnimateShake {\\n\\","    animation-duration: 500ms;\\n\\","    animation-name: uiAnimateShake;\\n\\","}\\n\\",".uiAnimateSlide {\\n\\","    overflow-y: hidden;\\n\\","    transition: max-height ease-in 250ms, min-height ease-in 250ms, padding-bottom ease-in 250ms, padding-top ease-in 250ms;\\n\\","}\\n\\",".utility2FooterDiv {\\n\\","    text-align: center;\\n\\","}\\n\\",".zeroPixel {\\n\\","    border: 0;\\n\\","    height: 0;\\n\\","    margin: 0;\\n\\","    padding: 0;\\n\\","    width: 0;\\n\\","}\\n\\","</style>\\n\\","</head>\\n\\","<body>\\n\\","<div id=\"ajaxProgressDiv1\" style=\"background: #d00; height: 2px; left: 0; margin: 0; padding: 0; position: fixed; top: 0; transition: background 500ms, width 1500ms; width: 0%; z-index: 1;\"></div>\\n\\","<div class=\"uiAnimateSpin\" style=\"animation: uiAnimateSpin 2s linear infinite; border: 5px solid #999; border-radius: 50%; border-top: 5px solid #7d7; display: none; height: 25px; vertical-align: middle; width: 25px;\"></div>\\n\\","<code style=\"display: none;\"></code><div class=\"button colorError uiAnimateShake uiAnimateSlide utility2FooterDiv zeroPixel\" style=\"display: none;\"></div><pre style=\"display: none;\"></pre><textarea readonly style=\"display: none;\"></textarea>\\n\\","<script>\\n\\","/* jslint-utility2 */\\n\\","/*jslint\\n\\","    bitwise: true,\\n\\","    browser: true,\\n\\","    maxerr: 4,\\n\\","    maxlen: 100,\\n\\","    node: true,\\n\\","    nomen: true,\\n\\","    regexp: true,\\n\\","    stupid: true\\n\\","*/\\n\\","// init timerIntervalAjaxProgressUpdate\\n\\","(function () {\\n\\","/*\\n\\"," * this function will increment the ajax-progress-bar until the webpage has loaded\\n\\"," */\\n\\","    \"use strict\";\\n\\","    var ajaxProgressDiv1,\\n\\","        ajaxProgressState,\\n\\","        ajaxProgressUpdate;\\n\\","    if (window.timerIntervalAjaxProgressUpdate) {\\n\\","        return;\\n\\","    }\\n\\","    ajaxProgressDiv1 = document.querySelector(\"#ajaxProgressDiv1\");\\n\\","    setTimeout(function () {\\n\\","        ajaxProgressDiv1.style.width = \"25%\";\\n\\","    });\\n\\","    ajaxProgressState = 0;\\n\\","    ajaxProgressUpdate = (window.local &&\\n\\","        window.local.ajaxProgressUpdate) || function () {\\n\\","        ajaxProgressDiv1.style.width = \"100%\";\\n\\","        setTimeout(function () {\\n\\","            ajaxProgressDiv1.style.background = \"transparent\";\\n\\","            setTimeout(function () {\\n\\","                ajaxProgressDiv1.style.width = \"0%\";\\n\\","            }, 500);\\n\\","        }, 1500);\\n\\","    };\\n\\","    window.timerIntervalAjaxProgressUpdate = setInterval(function () {\\n\\","        ajaxProgressState += 1;\\n\\","        ajaxProgressDiv1.style.width = Math.max(\\n\\","            100 - 75 * Math.exp(-0.125 * ajaxProgressState),\\n\\","            ajaxProgressDiv1.style.width.slice(0, -1) | 0\\n\\","        ) + \"%\";\\n\\","    }, 1000);\\n\\","    window.addEventListener(\"load\", function () {\\n\\","        clearInterval(window.timerIntervalAjaxProgressUpdate);\\n\\","        ajaxProgressUpdate();\\n\\","    });\\n\\","}());\\n\\","// init domOnEventSelectAllWithinPre\\n\\","(function () {\\n\\","/*\\n\\"," * this function will limit select-all within <pre tabIndex=\"0\"> elements\\n\\"," * https://stackoverflow.com/questions/985272/selecting-text-in-an-element-akin-to-highlighting-with-your-mouse\\n\\"," */\\n\\","    \"use strict\";\\n\\","    if (window.domOnEventSelectAllWithinPre) {\\n\\","        return;\\n\\","    }\\n\\","    window.domOnEventSelectAllWithinPre = function (event) {\\n\\","        var range, selection;\\n\\","        if (event &&\\n\\","                event.code === \"KeyA\" &&\\n\\","                (event.ctrlKey || event.metaKey) &&\\n\\","                event.target.closest(\"pre\")) {\\n\\","            range = document.createRange();\\n\\","            range.selectNodeContents(event.target.closest(\"pre\"));\\n\\","            selection = window.getSelection();\\n\\","            selection.removeAllRanges();\\n\\","            selection.addRange(range);\\n\\","            event.preventDefault();\\n\\","        }\\n\\","    };\\n\\","    document.addEventListener(\"keydown\", window.domOnEventSelectAllWithinPre);\\n\\","}());\\n\\","</script>\\n\\","<h1>\\n\\","<!-- utility2-comment\\n\\","    <a\\n\\","        {{#if env.npm_package_homepage}}\\n\\","        href=\"{{env.npm_package_homepage}}\"\\n\\","        {{/if env.npm_package_homepage}}\\n\\","        target=\"_blank\"\\n\\","    >\\n\\","utility2-comment -->\\n\\","        {{env.npm_package_name}} ({{env.npm_package_version}})\\n\\","<!-- utility2-comment\\n\\","    </a>\\n\\","utility2-comment -->\\n\\","</h1>\\n\\","<h3>{{env.npm_package_description}}</h3>\\n\\","<!-- utility2-comment\\n\\","<a class=\"button\" download href=\"assets.app.js\">download standalone app</a><br>\\n\\","<button class=\"button onclick onreset\" id=\"testRunButton1\">run internal test</button><br>\\n\\","<div class=\"uiAnimateSlide\" id=\"testReportDiv1\" style=\"border-bottom: 0; border-top: 0; margin-bottom: 0; margin-top: 0; max-height: 0; padding-bottom: 0; padding-top: 0;\"></div>\\n\\","utility2-comment -->\\n\\","\\n\\","\\n\\","\\n\\","<label>stderr and stdout</label>\\n\\","<textarea class=\"resettable\" id=\"outputTextareaStdout1\" readonly></textarea>\\n\\","<!-- utility2-comment\\n\\","{{#if isRollup}}\\n\\","<script src=\"assets.app.js\"></script>\\n\\","{{#unless isRollup}}\\n\\","utility2-comment -->\\n\\","<script src=\"assets.utility2.rollup.js\"></script>\\n\\","<script>window.utility2.onResetBefore.counter += 1;</script>\\n\\","<script src=\"jsonp.utility2.stateInit?callback=window.utility2.stateInit\"></script>\\n\\","<script src=\"assets.npmtest_chalk.js\"></script>\\n\\","<script src=\"assets.example.js\"></script>\\n\\","<script src=\"assets.test.js\"></script>\\n\\","<script>window.utility2.onResetBefore();</script>\\n\\","<!-- utility2-comment\\n\\","{{/if isRollup}}\\n\\","utility2-comment -->\\n\\","<div class=\"utility2FooterDiv\">\\n\\","    [ this app was created with\\n\\","    <a href=\"https://github.com/kaizhu256/node-utility2\" target=\"_blank\">utility2</a>\\n\\","    ]\\n\\","</div>\\n\\","</body>\\n\\","</html>\\n\\","';","        /* jslint-ignore-end */","        /* validateLineSortedReset */","        /* jslint-ignore-begin */","        // bug-workaround - long $npm_package_buildCustomOrg","        local.assetsDict['/assets.npmtest_chalk.js'] =","            local.assetsDict['/assets.npmtest_chalk.js'] ||","            local.fs.readFileSync(local.__dirname + '/lib.npmtest_chalk.js', 'utf8'","        ).replace((/^#!\\//), '// ');","        /* jslint-ignore-end */","        /* validateLineSortedReset */","        local.assetsDict['/'] =","            local.assetsDict['/assets.example.html'] =","            local.assetsDict['/assets.index.template.html']","            .replace((/\\{\\{env\\.(\\w+?)\\}\\}/g), function (match0, match1) {","                switch (match1) {","                case 'npm_package_description':","                    return 'the greatest app in the world!';","                case 'npm_package_name':","                    return 'npmtest-chalk';","                case 'npm_package_nameLib':","                    return 'npmtest_chalk';","                case 'npm_package_version':","                    return '0.0.1';","                default:","                    return match0;","                }","            });","        // init cli","        if (module !== require.main || local.global.utility2_rollup) {","            break;","        }","        local.assetsDict['/assets.example.js'] =","            local.assetsDict['/assets.example.js'] ||","            local.fs.readFileSync(__filename, 'utf8');","        local.assetsDict['/favicon.ico'] = local.assetsDict['/favicon.ico'] || '';","        // if $npm_config_timeout_exit exists,","        // then exit this process after $npm_config_timeout_exit ms","        if (Number(process.env.npm_config_timeout_exit)) {","            setTimeout(process.exit, Number(process.env.npm_config_timeout_exit));","        }","        // start server","        if (local.global.utility2_serverHttp1) {","            break;","        }","        process.env.PORT = process.env.PORT || '8081';","        console.error('server starting on port ' + process.env.PORT);","        local.http.createServer(function (request, response) {","            request.urlParsed = local.url.parse(request.url);","            if (local.assetsDict[request.urlParsed.pathname] !== undefined) {","                response.end(local.assetsDict[request.urlParsed.pathname]);","                return;","            }","            response.statusCode = 404;","            response.end();","        }).listen(process.env.PORT);","        break;","    }","}());",""],"l":{"28":2,"30":2,"35":2,"37":2,"39":2,"40":2,"41":2,"46":2,"49":2,"53":2,"57":2,"59":2,"66":1,"67":2,"73":2,"76":2,"79":2,"80":2,"82":1,"86":2,"89":1,"90":1,"91":1,"92":1,"93":1,"96":1,"97":1,"99":1,"102":1,"104":2,"110":1,"112":1,"114":1,"119":1,"120":2,"121":2,"122":20,"123":20,"124":20,"125":20,"126":1,"129":20,"130":20,"135":20,"139":1,"140":3,"141":1,"145":1,"146":1,"154":1,"157":1,"158":1,"159":1,"160":1,"161":1,"162":1,"163":1,"164":1,"165":1,"166":1,"167":1,"168":1,"169":1,"170":1,"171":1,"172":1,"173":1,"174":1,"175":1,"176":1,"177":1,"178":1,"179":1,"180":1,"181":1,"182":1,"183":1,"184":1,"185":1,"186":1,"187":1,"188":1,"191":1,"192":1,"197":3,"198":3,"199":3,"200":1,"207":1,"460":1,"466":1,"470":6,"472":1,"474":2,"476":1,"478":2,"480":1,"484":1,"485":1,"487":1,"490":1,"493":1,"494":1,"497":1,"498":1,"500":1,"501":1,"502":1,"503":1,"504":1,"505":1,"506":1,"508":1,"509":1,"511":1}},"/home/travis/build/npmtest/node-npmtest-chalk/node_modules/chalk/index.js":{"path":"/home/travis/build/npmtest/node-npmtest-chalk/node_modules/chalk/index.js","s":{"1":1,"2":1,"3":1,"4":1,"5":1,"6":1,"7":1,"8":1,"9":1,"10":1,"11":1,"12":1,"13":1,"14":1,"15":1,"16":1,"17":1,"18":1,"19":0,"20":0,"21":1,"22":1,"23":1,"24":1,"25":0,"26":1,"27":0,"28":1,"29":41,"30":41,"31":0,"32":0,"33":1,"34":0,"35":1,"36":1,"37":15,"38":1,"39":14,"40":0,"41":0,"42":0,"43":0,"44":0,"45":1,"46":1,"47":15,"48":1,"49":14,"50":14,"51":0,"52":0,"53":0,"54":0,"55":0,"56":1,"57":1,"58":0,"59":0,"60":0,"61":0,"62":0,"63":0,"64":0,"65":0,"66":0,"67":0,"68":0,"69":0,"70":0,"71":0,"72":1,"73":0,"74":0,"75":0,"76":0,"77":0,"78":0,"79":0,"80":0,"81":0,"82":0,"83":0,"84":0,"85":0,"86":0,"87":0,"88":0,"89":0,"90":0,"91":1,"92":0,"93":0,"94":0,"95":0,"96":0,"97":0,"98":0,"99":0,"100":1,"101":1,"102":1,"103":1},"b":{"1":[1,0],"2":[0,0],"3":[1,1],"4":[0,1],"5":[1,0],"6":[0,1],"7":[1,0],"8":[1,0,0],"9":[0,1],"10":[0,0],"11":[0,0],"12":[1,14],"13":[0,0],"14":[1,14],"15":[0,0],"16":[0,0,0],"17":[0,0],"18":[0,0],"19":[0,0],"20":[0,0,0],"21":[0,0],"22":[0,0],"23":[0,0],"24":[0,0]},"f":{"1":1,"2":1,"3":0,"4":0,"5":0,"6":0,"7":0,"8":0,"9":0,"10":0,"11":0,"12":0,"13":0,"14":0,"15":0,"16":0,"17":0},"fnMap":{"1":{"name":"applyOptions","line":18,"loc":{"start":{"line":18,"column":0},"end":{"line":18,"column":36}}},"2":{"name":"Chalk","line":27,"loc":{"start":{"line":27,"column":0},"end":{"line":27,"column":24}}},"3":{"name":"(anonymous_3)","line":34,"loc":{"start":{"line":34,"column":19},"end":{"line":34,"column":31}}},"4":{"name":"(anonymous_4)","line":59,"loc":{"start":{"line":59,"column":5},"end":{"line":59,"column":8}}},"5":{"name":"(anonymous_5)","line":67,"loc":{"start":{"line":67,"column":4},"end":{"line":67,"column":7}}},"6":{"name":"(anonymous_6)","line":79,"loc":{"start":{"line":79,"column":5},"end":{"line":79,"column":8}}},"7":{"name":"(anonymous_7)","line":81,"loc":{"start":{"line":81,"column":10},"end":{"line":81,"column":22}}},"8":{"name":"(anonymous_8)","line":102,"loc":{"start":{"line":102,"column":5},"end":{"line":102,"column":8}}},"9":{"name":"(anonymous_9)","line":104,"loc":{"start":{"line":104,"column":10},"end":{"line":104,"column":22}}},"10":{"name":"build","line":119,"loc":{"start":{"line":119,"column":0},"end":{"line":119,"column":37}}},"11":{"name":"(anonymous_11)","line":120,"loc":{"start":{"line":120,"column":17},"end":{"line":120,"column":29}}},"12":{"name":"(anonymous_12)","line":131,"loc":{"start":{"line":131,"column":5},"end":{"line":131,"column":8}}},"13":{"name":"(anonymous_13)","line":134,"loc":{"start":{"line":134,"column":5},"end":{"line":134,"column":13}}},"14":{"name":"(anonymous_14)","line":141,"loc":{"start":{"line":141,"column":5},"end":{"line":141,"column":8}}},"15":{"name":"(anonymous_15)","line":144,"loc":{"start":{"line":144,"column":5},"end":{"line":144,"column":15}}},"16":{"name":"applyStyle","line":159,"loc":{"start":{"line":159,"column":0},"end":{"line":159,"column":22}}},"17":{"name":"chalkTag","line":206,"loc":{"start":{"line":206,"column":0},"end":{"line":206,"column":34}}}},"statementMap":{"1":{"start":{"line":2,"column":0},"end":{"line":2,"column":59}},"2":{"start":{"line":3,"column":0},"end":{"line":3,"column":42}},"3":{"start":{"line":4,"column":0},"end":{"line":4,"column":53}},"4":{"start":{"line":6,"column":0},"end":{"line":6,"column":43}},"5":{"start":{"line":8,"column":0},"end":{"line":8,"column":120}},"6":{"start":{"line":11,"column":0},"end":{"line":11,"column":60}},"7":{"start":{"line":14,"column":0},"end":{"line":14,"column":37}},"8":{"start":{"line":16,"column":0},"end":{"line":16,"column":35}},"9":{"start":{"line":18,"column":0},"end":{"line":25,"column":1}},"10":{"start":{"line":19,"column":1},"end":{"line":19,"column":25}},"11":{"start":{"line":22,"column":1},"end":{"line":22,"column":53}},"12":{"start":{"line":23,"column":1},"end":{"line":23,"column":67}},"13":{"start":{"line":24,"column":1},"end":{"line":24,"column":70}},"14":{"start":{"line":27,"column":0},"end":{"line":48,"column":1}},"15":{"start":{"line":30,"column":1},"end":{"line":45,"column":2}},"16":{"start":{"line":31,"column":2},"end":{"line":31,"column":19}},"17":{"start":{"line":32,"column":2},"end":{"line":32,"column":31}},"18":{"start":{"line":34,"column":2},"end":{"line":37,"column":4}},"19":{"start":{"line":35,"column":3},"end":{"line":35,"column":41}},"20":{"start":{"line":36,"column":3},"end":{"line":36,"column":62}},"21":{"start":{"line":39,"column":2},"end":{"line":39,"column":48}},"22":{"start":{"line":40,"column":2},"end":{"line":40,"column":47}},"23":{"start":{"line":42,"column":2},"end":{"line":42,"column":37}},"24":{"start":{"line":44,"column":2},"end":{"line":44,"column":24}},"25":{"start":{"line":47,"column":1},"end":{"line":47,"column":29}},"26":{"start":{"line":51,"column":0},"end":{"line":53,"column":1}},"27":{"start":{"line":52,"column":1},"end":{"line":52,"column":37}},"28":{"start":{"line":55,"column":0},"end":{"line":64,"column":1}},"29":{"start":{"line":56,"column":1},"end":{"line":56,"column":86}},"30":{"start":{"line":58,"column":1},"end":{"line":63,"column":3}},"31":{"start":{"line":60,"column":3},"end":{"line":60,"column":33}},"32":{"start":{"line":61,"column":3},"end":{"line":61,"column":98}},"33":{"start":{"line":66,"column":0},"end":{"line":70,"column":2}},"34":{"start":{"line":68,"column":2},"end":{"line":68,"column":63}},"35":{"start":{"line":72,"column":0},"end":{"line":72,"column":87}},"36":{"start":{"line":73,"column":0},"end":{"line":92,"column":1}},"37":{"start":{"line":74,"column":1},"end":{"line":76,"column":2}},"38":{"start":{"line":75,"column":2},"end":{"line":75,"column":11}},"39":{"start":{"line":78,"column":1},"end":{"line":91,"column":3}},"40":{"start":{"line":80,"column":3},"end":{"line":80,"column":28}},"41":{"start":{"line":81,"column":3},"end":{"line":89,"column":5}},"42":{"start":{"line":82,"column":4},"end":{"line":82,"column":85}},"43":{"start":{"line":83,"column":4},"end":{"line":87,"column":6}},"44":{"start":{"line":88,"column":4},"end":{"line":88,"column":101}},"45":{"start":{"line":94,"column":0},"end":{"line":94,"column":91}},"46":{"start":{"line":95,"column":0},"end":{"line":115,"column":1}},"47":{"start":{"line":96,"column":1},"end":{"line":98,"column":2}},"48":{"start":{"line":97,"column":2},"end":{"line":97,"column":11}},"49":{"start":{"line":100,"column":1},"end":{"line":100,"column":64}},"50":{"start":{"line":101,"column":1},"end":{"line":114,"column":3}},"51":{"start":{"line":103,"column":3},"end":{"line":103,"column":28}},"52":{"start":{"line":104,"column":3},"end":{"line":112,"column":5}},"53":{"start":{"line":105,"column":4},"end":{"line":105,"column":87}},"54":{"start":{"line":106,"column":4},"end":{"line":110,"column":6}},"55":{"start":{"line":111,"column":4},"end":{"line":111,"column":101}},"56":{"start":{"line":117,"column":0},"end":{"line":117,"column":56}},"57":{"start":{"line":119,"column":0},"end":{"line":157,"column":1}},"58":{"start":{"line":120,"column":1},"end":{"line":122,"column":3}},"59":{"start":{"line":121,"column":2},"end":{"line":121,"column":46}},"60":{"start":{"line":124,"column":1},"end":{"line":124,"column":27}},"61":{"start":{"line":125,"column":1},"end":{"line":125,"column":25}},"62":{"start":{"line":127,"column":1},"end":{"line":127,"column":19}},"63":{"start":{"line":129,"column":1},"end":{"line":137,"column":4}},"64":{"start":{"line":132,"column":3},"end":{"line":132,"column":21}},"65":{"start":{"line":135,"column":3},"end":{"line":135,"column":22}},"66":{"start":{"line":139,"column":1},"end":{"line":147,"column":4}},"67":{"start":{"line":142,"column":3},"end":{"line":142,"column":23}},"68":{"start":{"line":145,"column":3},"end":{"line":145,"column":26}},"69":{"start":{"line":150,"column":1},"end":{"line":150,"column":68}},"70":{"start":{"line":154,"column":1},"end":{"line":154,"column":27}},"71":{"start":{"line":156,"column":1},"end":{"line":156,"column":16}},"72":{"start":{"line":159,"column":0},"end":{"line":204,"column":1}},"73":{"start":{"line":161,"column":1},"end":{"line":161,"column":24}},"74":{"start":{"line":162,"column":1},"end":{"line":162,"column":29}},"75":{"start":{"line":163,"column":1},"end":{"line":163,"column":32}},"76":{"start":{"line":165,"column":1},"end":{"line":167,"column":2}},"77":{"start":{"line":166,"column":2},"end":{"line":166,"column":12}},"78":{"start":{"line":169,"column":1},"end":{"line":174,"column":2}},"79":{"start":{"line":171,"column":2},"end":{"line":173,"column":3}},"80":{"start":{"line":172,"column":3},"end":{"line":172,"column":24}},"81":{"start":{"line":176,"column":1},"end":{"line":178,"column":2}},"82":{"start":{"line":177,"column":2},"end":{"line":177,"column":32}},"83":{"start":{"line":183,"column":1},"end":{"line":183,"column":41}},"84":{"start":{"line":184,"column":1},"end":{"line":186,"column":2}},"85":{"start":{"line":185,"column":2},"end":{"line":185,"column":27}},"86":{"start":{"line":188,"column":1},"end":{"line":198,"column":2}},"87":{"start":{"line":192,"column":2},"end":{"line":192,"column":70}},"88":{"start":{"line":197,"column":2},"end":{"line":197,"column":61}},"89":{"start":{"line":201,"column":1},"end":{"line":201,"column":35}},"90":{"start":{"line":203,"column":1},"end":{"line":203,"column":12}},"91":{"start":{"line":206,"column":0},"end":{"line":222,"column":1}},"92":{"start":{"line":207,"column":1},"end":{"line":211,"column":2}},"93":{"start":{"line":210,"column":2},"end":{"line":210,"column":47}},"94":{"start":{"line":213,"column":1},"end":{"line":213,"column":42}},"95":{"start":{"line":214,"column":1},"end":{"line":214,"column":32}},"96":{"start":{"line":216,"column":1},"end":{"line":219,"column":2}},"97":{"start":{"line":217,"column":2},"end":{"line":217,"column":61}},"98":{"start":{"line":218,"column":2},"end":{"line":218,"column":37}},"99":{"start":{"line":221,"column":1},"end":{"line":221,"column":40}},"100":{"start":{"line":224,"column":0},"end":{"line":224,"column":49}},"101":{"start":{"line":226,"column":0},"end":{"line":226,"column":25}},"102":{"start":{"line":227,"column":0},"end":{"line":227,"column":43}},"103":{"start":{"line":228,"column":0},"end":{"line":228,"column":40}}},"branchMap":{"1":{"line":8,"type":"binary-expr","locations":[{"start":{"line":8,"column":28},"end":{"line":8,"column":56}},{"start":{"line":8,"column":60},"end":{"line":8,"column":119}}]},"2":{"line":8,"type":"binary-expr","locations":[{"start":{"line":8,"column":62},"end":{"line":8,"column":78}},{"start":{"line":8,"column":82},"end":{"line":8,"column":84}}]},"3":{"line":19,"type":"binary-expr","locations":[{"start":{"line":19,"column":11},"end":{"line":19,"column":18}},{"start":{"line":19,"column":22},"end":{"line":19,"column":24}}]},"4":{"line":22,"type":"cond-expr","locations":[{"start":{"line":22,"column":31},"end":{"line":22,"column":48}},{"start":{"line":22,"column":51},"end":{"line":22,"column":52}}]},"5":{"line":23,"type":"cond-expr","locations":[{"start":{"line":23,"column":43},"end":{"line":23,"column":50}},{"start":{"line":23,"column":53},"end":{"line":23,"column":66}}]},"6":{"line":24,"type":"cond-expr","locations":[{"start":{"line":24,"column":38},"end":{"line":24,"column":53}},{"start":{"line":24,"column":56},"end":{"line":24,"column":69}}]},"7":{"line":30,"type":"if","locations":[{"start":{"line":30,"column":1},"end":{"line":30,"column":1}},{"start":{"line":30,"column":1},"end":{"line":30,"column":1}}]},"8":{"line":30,"type":"binary-expr","locations":[{"start":{"line":30,"column":5},"end":{"line":30,"column":10}},{"start":{"line":30,"column":14},"end":{"line":30,"column":38}},{"start":{"line":30,"column":42},"end":{"line":30,"column":55}}]},"9":{"line":51,"type":"if","locations":[{"start":{"line":51,"column":0},"end":{"line":51,"column":0}},{"start":{"line":51,"column":0},"end":{"line":51,"column":0}}]},"10":{"line":61,"type":"cond-expr","locations":[{"start":{"line":61,"column":42},"end":{"line":61,"column":68}},{"start":{"line":61,"column":71},"end":{"line":61,"column":78}}]},"11":{"line":68,"type":"binary-expr","locations":[{"start":{"line":68,"column":26},"end":{"line":68,"column":38}},{"start":{"line":68,"column":42},"end":{"line":68,"column":44}}]},"12":{"line":74,"type":"if","locations":[{"start":{"line":74,"column":1},"end":{"line":74,"column":1}},{"start":{"line":74,"column":1},"end":{"line":74,"column":1}}]},"13":{"line":88,"type":"cond-expr","locations":[{"start":{"line":88,"column":43},"end":{"line":88,"column":69}},{"start":{"line":88,"column":72},"end":{"line":88,"column":79}}]},"14":{"line":96,"type":"if","locations":[{"start":{"line":96,"column":1},"end":{"line":96,"column":1}},{"start":{"line":96,"column":1},"end":{"line":96,"column":1}}]},"15":{"line":111,"type":"cond-expr","locations":[{"start":{"line":111,"column":43},"end":{"line":111,"column":69}},{"start":{"line":111,"column":72},"end":{"line":111,"column":79}}]},"16":{"line":150,"type":"binary-expr","locations":[{"start":{"line":150,"column":19},"end":{"line":150,"column":31}},{"start":{"line":150,"column":35},"end":{"line":150,"column":49}},{"start":{"line":150,"column":53},"end":{"line":150,"column":67}}]},"17":{"line":165,"type":"if","locations":[{"start":{"line":165,"column":1},"end":{"line":165,"column":1}},{"start":{"line":165,"column":1},"end":{"line":165,"column":1}}]},"18":{"line":169,"type":"if","locations":[{"start":{"line":169,"column":1},"end":{"line":169,"column":1}},{"start":{"line":169,"column":1},"end":{"line":169,"column":1}}]},"19":{"line":176,"type":"if","locations":[{"start":{"line":176,"column":1},"end":{"line":176,"column":1}},{"start":{"line":176,"column":1},"end":{"line":176,"column":1}}]},"20":{"line":176,"type":"binary-expr","locations":[{"start":{"line":176,"column":5},"end":{"line":176,"column":18}},{"start":{"line":176,"column":22},"end":{"line":176,"column":37}},{"start":{"line":176,"column":41},"end":{"line":176,"column":45}}]},"21":{"line":177,"type":"cond-expr","locations":[{"start":{"line":177,"column":23},"end":{"line":177,"column":25}},{"start":{"line":177,"column":28},"end":{"line":177,"column":31}}]},"22":{"line":184,"type":"if","locations":[{"start":{"line":184,"column":1},"end":{"line":184,"column":1}},{"start":{"line":184,"column":1},"end":{"line":184,"column":1}}]},"23":{"line":184,"type":"binary-expr","locations":[{"start":{"line":184,"column":5},"end":{"line":184,"column":24}},{"start":{"line":184,"column":28},"end":{"line":184,"column":40}}]},"24":{"line":207,"type":"if","locations":[{"start":{"line":207,"column":1},"end":{"line":207,"column":1}},{"start":{"line":207,"column":1},"end":{"line":207,"column":1}}]}},"code":["'use strict';","const escapeStringRegexp = require('escape-string-regexp');","const ansiStyles = require('ansi-styles');","const stdoutColor = require('supports-color').stdout;","","const template = require('./templates.js');","","const isSimpleWindowsTerm = process.platform === 'win32' && !(process.env.TERM || '').toLowerCase().startsWith('xterm');","","// `supportsColor.level` → `ansiStyles.color[name]` mapping","const levelMapping = ['ansi', 'ansi', 'ansi256', 'ansi16m'];","","// `color-convert` models to exclude from the Chalk API due to conflicts and such","const skipModels = new Set(['gray']);","","const styles = Object.create(null);","","function applyOptions(obj, options) {","\toptions = options || {};","","\t// Detect level if not set manually","\tconst scLevel = stdoutColor ? stdoutColor.level : 0;","\tobj.level = options.level === undefined ? scLevel : options.level;","\tobj.enabled = 'enabled' in options ? options.enabled : obj.level > 0;","}","","function Chalk(options) {","\t// We check for this.template here since calling `chalk.constructor()`","\t// by itself will have a `this` of a previously constructed chalk object","\tif (!this || !(this instanceof Chalk) || this.template) {","\t\tconst chalk = {};","\t\tapplyOptions(chalk, options);","","\t\tchalk.template = function () {","\t\t\tconst args = [].slice.call(arguments);","\t\t\treturn chalkTag.apply(null, [chalk.template].concat(args));","\t\t};","","\t\tObject.setPrototypeOf(chalk, Chalk.prototype);","\t\tObject.setPrototypeOf(chalk.template, chalk);","","\t\tchalk.template.constructor = Chalk;","","\t\treturn chalk.template;","\t}","","\tapplyOptions(this, options);","}","","// Use bright blue on Windows as the normal blue color is illegible","if (isSimpleWindowsTerm) {","\tansiStyles.blue.open = '\\u001B[94m';","}","","for (const key of Object.keys(ansiStyles)) {","\tansiStyles[key].closeRe = new RegExp(escapeStringRegexp(ansiStyles[key].close), 'g');","","\tstyles[key] = {","\t\tget() {","\t\t\tconst codes = ansiStyles[key];","\t\t\treturn build.call(this, this._styles ? this._styles.concat(codes) : [codes], this._empty, key);","\t\t}","\t};","}","","styles.visible = {","\tget() {","\t\treturn build.call(this, this._styles || [], true, 'visible');","\t}","};","","ansiStyles.color.closeRe = new RegExp(escapeStringRegexp(ansiStyles.color.close), 'g');","for (const model of Object.keys(ansiStyles.color.ansi)) {","\tif (skipModels.has(model)) {","\t\tcontinue;","\t}","","\tstyles[model] = {","\t\tget() {","\t\t\tconst level = this.level;","\t\t\treturn function () {","\t\t\t\tconst open = ansiStyles.color[levelMapping[level]][model].apply(null, arguments);","\t\t\t\tconst codes = {","\t\t\t\t\topen,","\t\t\t\t\tclose: ansiStyles.color.close,","\t\t\t\t\tcloseRe: ansiStyles.color.closeRe","\t\t\t\t};","\t\t\t\treturn build.call(this, this._styles ? this._styles.concat(codes) : [codes], this._empty, model);","\t\t\t};","\t\t}","\t};","}","","ansiStyles.bgColor.closeRe = new RegExp(escapeStringRegexp(ansiStyles.bgColor.close), 'g');","for (const model of Object.keys(ansiStyles.bgColor.ansi)) {","\tif (skipModels.has(model)) {","\t\tcontinue;","\t}","","\tconst bgModel = 'bg' + model[0].toUpperCase() + model.slice(1);","\tstyles[bgModel] = {","\t\tget() {","\t\t\tconst level = this.level;","\t\t\treturn function () {","\t\t\t\tconst open = ansiStyles.bgColor[levelMapping[level]][model].apply(null, arguments);","\t\t\t\tconst codes = {","\t\t\t\t\topen,","\t\t\t\t\tclose: ansiStyles.bgColor.close,","\t\t\t\t\tcloseRe: ansiStyles.bgColor.closeRe","\t\t\t\t};","\t\t\t\treturn build.call(this, this._styles ? this._styles.concat(codes) : [codes], this._empty, model);","\t\t\t};","\t\t}","\t};","}","","const proto = Object.defineProperties(() => {}, styles);","","function build(_styles, _empty, key) {","\tconst builder = function () {","\t\treturn applyStyle.apply(builder, arguments);","\t};","","\tbuilder._styles = _styles;","\tbuilder._empty = _empty;","","\tconst self = this;","","\tObject.defineProperty(builder, 'level', {","\t\tenumerable: true,","\t\tget() {","\t\t\treturn self.level;","\t\t},","\t\tset(level) {","\t\t\tself.level = level;","\t\t}","\t});","","\tObject.defineProperty(builder, 'enabled', {","\t\tenumerable: true,","\t\tget() {","\t\t\treturn self.enabled;","\t\t},","\t\tset(enabled) {","\t\t\tself.enabled = enabled;","\t\t}","\t});","","\t// See below for fix regarding invisible grey/dim combination on Windows","\tbuilder.hasGrey = this.hasGrey || key === 'gray' || key === 'grey';","","\t// `__proto__` is used because we must return a function, but there is","\t// no way to create a function with a different prototype","\tbuilder.__proto__ = proto; // eslint-disable-line no-proto","","\treturn builder;","}","","function applyStyle() {","\t// Support varags, but simply cast to string in case there's only one arg","\tconst args = arguments;","\tconst argsLen = args.length;","\tlet str = String(arguments[0]);","","\tif (argsLen === 0) {","\t\treturn '';","\t}","","\tif (argsLen > 1) {","\t\t// Don't slice `arguments`, it prevents V8 optimizations","\t\tfor (let a = 1; a < argsLen; a++) {","\t\t\tstr += ' ' + args[a];","\t\t}","\t}","","\tif (!this.enabled || this.level <= 0 || !str) {","\t\treturn this._empty ? '' : str;","\t}","","\t// Turns out that on Windows dimmed gray text becomes invisible in cmd.exe,","\t// see https://github.com/chalk/chalk/issues/58","\t// If we're on Windows and we're dealing with a gray color, temporarily make 'dim' a noop.","\tconst originalDim = ansiStyles.dim.open;","\tif (isSimpleWindowsTerm && this.hasGrey) {","\t\tansiStyles.dim.open = '';","\t}","","\tfor (const code of this._styles.slice().reverse()) {","\t\t// Replace any instances already present with a re-opening code","\t\t// otherwise only the part of the string until said closing code","\t\t// will be colored, and the rest will simply be 'plain'.","\t\tstr = code.open + str.replace(code.closeRe, code.open) + code.close;","","\t\t// Close the styling before a linebreak and reopen","\t\t// after next line to fix a bleed issue on macOS","\t\t// https://github.com/chalk/chalk/pull/92","\t\tstr = str.replace(/\\r?\\n/g, `${code.close}$&${code.open}`);","\t}","","\t// Reset the original `dim` if we changed it to work around the Windows dimmed gray issue","\tansiStyles.dim.open = originalDim;","","\treturn str;","}","","function chalkTag(chalk, strings) {","\tif (!Array.isArray(strings)) {","\t\t// If chalk() was called by itself or with a string,","\t\t// return the string itself as a string.","\t\treturn [].slice.call(arguments, 1).join(' ');","\t}","","\tconst args = [].slice.call(arguments, 2);","\tconst parts = [strings.raw[0]];","","\tfor (let i = 1; i < strings.length; i++) {","\t\tparts.push(String(args[i - 1]).replace(/[{}\\\\]/g, '\\\\$&'));","\t\tparts.push(String(strings.raw[i]));","\t}","","\treturn template(chalk, parts.join(''));","}","","Object.defineProperties(Chalk.prototype, styles);","","module.exports = Chalk(); // eslint-disable-line new-cap","module.exports.supportsColor = stdoutColor;","module.exports.default = module.exports; // For TypeScript",""],"l":{"2":1,"3":1,"4":1,"6":1,"8":1,"11":1,"14":1,"16":1,"18":1,"19":1,"22":1,"23":1,"24":1,"27":1,"30":1,"31":1,"32":1,"34":1,"35":0,"36":0,"39":1,"40":1,"42":1,"44":1,"47":0,"51":1,"52":0,"55":1,"56":41,"58":41,"60":0,"61":0,"66":1,"68":0,"72":1,"73":1,"74":15,"75":1,"78":14,"80":0,"81":0,"82":0,"83":0,"88":0,"94":1,"95":1,"96":15,"97":1,"100":14,"101":14,"103":0,"104":0,"105":0,"106":0,"111":0,"117":1,"119":1,"120":0,"121":0,"124":0,"125":0,"127":0,"129":0,"132":0,"135":0,"139":0,"142":0,"145":0,"150":0,"154":0,"156":0,"159":1,"161":0,"162":0,"163":0,"165":0,"166":0,"169":0,"171":0,"172":0,"176":0,"177":0,"183":0,"184":0,"185":0,"188":0,"192":0,"197":0,"201":0,"203":0,"206":1,"207":0,"210":0,"213":0,"214":0,"216":0,"217":0,"218":0,"221":0,"224":1,"226":1,"227":1,"228":1}},"/home/travis/build/npmtest/node-npmtest-chalk/node_modules/chalk/templates.js":{"path":"/home/travis/build/npmtest/node-npmtest-chalk/node_modules/chalk/templates.js","s":{"1":1,"2":1,"3":1,"4":1,"5":1,"6":1,"7":0,"8":0,"9":0,"10":1,"11":0,"12":0,"13":0,"14":0,"15":0,"16":0,"17":0,"18":0,"19":0,"20":0,"21":0,"22":1,"23":0,"24":0,"25":0,"26":0,"27":0,"28":0,"29":0,"30":0,"31":0,"32":0,"33":1,"34":0,"35":0,"36":0,"37":0,"38":0,"39":0,"40":0,"41":0,"42":0,"43":0,"44":0,"45":0,"46":0,"47":1,"48":0,"49":0,"50":0,"51":0,"52":0,"53":0,"54":0,"55":0,"56":0,"57":0,"58":0,"59":0,"60":0,"61":0,"62":0,"63":0,"64":0,"65":0,"66":0,"67":0,"68":0,"69":0,"70":0},"b":{"1":[0,0],"2":[0,0,0,0],"3":[0,0],"4":[0,0],"5":[0,0],"6":[0,0],"7":[0,0],"8":[0,0],"9":[0,0],"10":[0,0],"11":[0,0],"12":[0,0],"13":[0,0],"14":[0,0],"15":[0,0],"16":[0,0],"17":[0,0],"18":[0,0]},"f":{"1":0,"2":0,"3":0,"4":0},"fnMap":{"1":{"name":"unescape","line":20,"loc":{"start":{"line":20,"column":0},"end":{"line":20,"column":21}}},"2":{"name":"parseArguments","line":28,"loc":{"start":{"line":28,"column":0},"end":{"line":28,"column":36}}},"3":{"name":"parseStyle","line":46,"loc":{"start":{"line":46,"column":0},"end":{"line":46,"column":27}}},"4":{"name":"buildStyle","line":66,"loc":{"start":{"line":66,"column":0},"end":{"line":66,"column":35}}}},"statementMap":{"1":{"start":{"line":2,"column":0},"end":{"line":2,"column":158}},"2":{"start":{"line":3,"column":0},"end":{"line":3,"column":53}},"3":{"start":{"line":4,"column":0},"end":{"line":4,"column":56}},"4":{"start":{"line":5,"column":0},"end":{"line":5,"column":63}},"5":{"start":{"line":7,"column":0},"end":{"line":18,"column":3}},"6":{"start":{"line":20,"column":0},"end":{"line":26,"column":1}},"7":{"start":{"line":21,"column":1},"end":{"line":23,"column":2}},"8":{"start":{"line":22,"column":2},"end":{"line":22,"column":55}},"9":{"start":{"line":25,"column":1},"end":{"line":25,"column":28}},"10":{"start":{"line":28,"column":0},"end":{"line":44,"column":1}},"11":{"start":{"line":29,"column":1},"end":{"line":29,"column":20}},"12":{"start":{"line":30,"column":1},"end":{"line":30,"column":46}},"13":{"start":{"line":31,"column":1},"end":{"line":31,"column":13}},"14":{"start":{"line":33,"column":1},"end":{"line":41,"column":2}},"15":{"start":{"line":34,"column":2},"end":{"line":40,"column":3}},"16":{"start":{"line":35,"column":3},"end":{"line":35,"column":31}},"17":{"start":{"line":36,"column":9},"end":{"line":40,"column":3}},"18":{"start":{"line":37,"column":3},"end":{"line":37,"column":103}},"19":{"start":{"line":37,"column":69},"end":{"line":37,"column":100}},"20":{"start":{"line":39,"column":3},"end":{"line":39,"column":91}},"21":{"start":{"line":43,"column":1},"end":{"line":43,"column":16}},"22":{"start":{"line":46,"column":0},"end":{"line":64,"column":1}},"23":{"start":{"line":47,"column":1},"end":{"line":47,"column":27}},"24":{"start":{"line":49,"column":1},"end":{"line":49,"column":20}},"25":{"start":{"line":50,"column":1},"end":{"line":50,"column":13}},"26":{"start":{"line":52,"column":1},"end":{"line":61,"column":2}},"27":{"start":{"line":53,"column":2},"end":{"line":53,"column":26}},"28":{"start":{"line":55,"column":2},"end":{"line":60,"column":3}},"29":{"start":{"line":56,"column":3},"end":{"line":56,"column":49}},"30":{"start":{"line":57,"column":3},"end":{"line":57,"column":37}},"31":{"start":{"line":59,"column":3},"end":{"line":59,"column":24}},"32":{"start":{"line":63,"column":1},"end":{"line":63,"column":16}},"33":{"start":{"line":66,"column":0},"end":{"line":91,"column":1}},"34":{"start":{"line":67,"column":1},"end":{"line":67,"column":20}},"35":{"start":{"line":69,"column":1},"end":{"line":73,"column":2}},"36":{"start":{"line":70,"column":2},"end":{"line":72,"column":3}},"37":{"start":{"line":71,"column":3},"end":{"line":71,"column":61}},"38":{"start":{"line":75,"column":1},"end":{"line":75,"column":21}},"39":{"start":{"line":76,"column":1},"end":{"line":88,"column":2}},"40":{"start":{"line":77,"column":2},"end":{"line":87,"column":3}},"41":{"start":{"line":78,"column":3},"end":{"line":80,"column":4}},"42":{"start":{"line":79,"column":4},"end":{"line":79,"column":57}},"43":{"start":{"line":82,"column":3},"end":{"line":86,"column":4}},"44":{"start":{"line":83,"column":4},"end":{"line":83,"column":68}},"45":{"start":{"line":85,"column":4},"end":{"line":85,"column":33}},"46":{"start":{"line":90,"column":1},"end":{"line":90,"column":16}},"47":{"start":{"line":93,"column":0},"end":{"line":128,"column":2}},"48":{"start":{"line":94,"column":1},"end":{"line":94,"column":19}},"49":{"start":{"line":95,"column":1},"end":{"line":95,"column":19}},"50":{"start":{"line":96,"column":1},"end":{"line":96,"column":16}},"51":{"start":{"line":99,"column":1},"end":{"line":118,"column":4}},"52":{"start":{"line":100,"column":2},"end":{"line":117,"column":3}},"53":{"start":{"line":101,"column":3},"end":{"line":101,"column":36}},"54":{"start":{"line":102,"column":9},"end":{"line":117,"column":3}},"55":{"start":{"line":103,"column":3},"end":{"line":103,"column":30}},"56":{"start":{"line":104,"column":3},"end":{"line":104,"column":14}},"57":{"start":{"line":105,"column":3},"end":{"line":105,"column":75}},"58":{"start":{"line":106,"column":3},"end":{"line":106,"column":53}},"59":{"start":{"line":107,"column":9},"end":{"line":117,"column":3}},"60":{"start":{"line":108,"column":3},"end":{"line":110,"column":4}},"61":{"start":{"line":109,"column":4},"end":{"line":109,"column":68}},"62":{"start":{"line":112,"column":3},"end":{"line":112,"column":58}},"63":{"start":{"line":113,"column":3},"end":{"line":113,"column":14}},"64":{"start":{"line":114,"column":3},"end":{"line":114,"column":16}},"65":{"start":{"line":116,"column":3},"end":{"line":116,"column":19}},"66":{"start":{"line":120,"column":1},"end":{"line":120,"column":29}},"67":{"start":{"line":122,"column":1},"end":{"line":125,"column":2}},"68":{"start":{"line":123,"column":2},"end":{"line":123,"column":127}},"69":{"start":{"line":124,"column":2},"end":{"line":124,"column":26}},"70":{"start":{"line":127,"column":1},"end":{"line":127,"column":24}}},"branchMap":{"1":{"line":21,"type":"if","locations":[{"start":{"line":21,"column":1},"end":{"line":21,"column":1}},{"start":{"line":21,"column":1},"end":{"line":21,"column":1}}]},"2":{"line":21,"type":"binary-expr","locations":[{"start":{"line":21,"column":6},"end":{"line":21,"column":18}},{"start":{"line":21,"column":22},"end":{"line":21,"column":36}},{"start":{"line":21,"column":42},"end":{"line":21,"column":54}},{"start":{"line":21,"column":58},"end":{"line":21,"column":72}}]},"3":{"line":25,"type":"binary-expr","locations":[{"start":{"line":25,"column":8},"end":{"line":25,"column":22}},{"start":{"line":25,"column":26},"end":{"line":25,"column":27}}]},"4":{"line":34,"type":"if","locations":[{"start":{"line":34,"column":2},"end":{"line":34,"column":2}},{"start":{"line":34,"column":2},"end":{"line":34,"column":2}}]},"5":{"line":36,"type":"if","locations":[{"start":{"line":36,"column":9},"end":{"line":36,"column":9}},{"start":{"line":36,"column":9},"end":{"line":36,"column":9}}]},"6":{"line":37,"type":"cond-expr","locations":[{"start":{"line":37,"column":78},"end":{"line":37,"column":94}},{"start":{"line":37,"column":97},"end":{"line":37,"column":100}}]},"7":{"line":55,"type":"if","locations":[{"start":{"line":55,"column":2},"end":{"line":55,"column":2}},{"start":{"line":55,"column":2},"end":{"line":55,"column":2}}]},"8":{"line":71,"type":"cond-expr","locations":[{"start":{"line":71,"column":39},"end":{"line":71,"column":43}},{"start":{"line":71,"column":46},"end":{"line":71,"column":60}}]},"9":{"line":77,"type":"if","locations":[{"start":{"line":77,"column":2},"end":{"line":77,"column":2}},{"start":{"line":77,"column":2},"end":{"line":77,"column":2}}]},"10":{"line":78,"type":"if","locations":[{"start":{"line":78,"column":3},"end":{"line":78,"column":3}},{"start":{"line":78,"column":3},"end":{"line":78,"column":3}}]},"11":{"line":82,"type":"if","locations":[{"start":{"line":82,"column":3},"end":{"line":82,"column":3}},{"start":{"line":82,"column":3},"end":{"line":82,"column":3}}]},"12":{"line":100,"type":"if","locations":[{"start":{"line":100,"column":2},"end":{"line":100,"column":2}},{"start":{"line":100,"column":2},"end":{"line":100,"column":2}}]},"13":{"line":102,"type":"if","locations":[{"start":{"line":102,"column":9},"end":{"line":102,"column":9}},{"start":{"line":102,"column":9},"end":{"line":102,"column":9}}]},"14":{"line":105,"type":"cond-expr","locations":[{"start":{"line":105,"column":37},"end":{"line":105,"column":40}},{"start":{"line":105,"column":43},"end":{"line":105,"column":73}}]},"15":{"line":107,"type":"if","locations":[{"start":{"line":107,"column":9},"end":{"line":107,"column":9}},{"start":{"line":107,"column":9},"end":{"line":107,"column":9}}]},"16":{"line":108,"type":"if","locations":[{"start":{"line":108,"column":3},"end":{"line":108,"column":3}},{"start":{"line":108,"column":3},"end":{"line":108,"column":3}}]},"17":{"line":122,"type":"if","locations":[{"start":{"line":122,"column":1},"end":{"line":122,"column":1}},{"start":{"line":122,"column":1},"end":{"line":122,"column":1}}]},"18":{"line":123,"type":"cond-expr","locations":[{"start":{"line":123,"column":108},"end":{"line":123,"column":110}},{"start":{"line":123,"column":113},"end":{"line":123,"column":116}}]}},"code":["'use strict';","const TEMPLATE_REGEX = /(?:\\\\(u[a-f\\d]{4}|x[a-f\\d]{2}|.))|(?:\\{(~)?(\\w+(?:\\([^)]*\\))?(?:\\.\\w+(?:\\([^)]*\\))?)*)(?:[ \\t]|(?=\\r?\\n)))|(\\})|((?:.|[\\r\\n\\f])+?)/gi;","const STYLE_REGEX = /(?:^|\\.)(\\w+)(?:\\(([^)]*)\\))?/g;","const STRING_REGEX = /^(['\"])((?:\\\\.|(?!\\1)[^\\\\])*)\\1$/;","const ESCAPE_REGEX = /\\\\(u[a-f\\d]{4}|x[a-f\\d]{2}|.)|([^\\\\])/gi;","","const ESCAPES = new Map([","\t['n', '\\n'],","\t['r', '\\r'],","\t['t', '\\t'],","\t['b', '\\b'],","\t['f', '\\f'],","\t['v', '\\v'],","\t['0', '\\0'],","\t['\\\\', '\\\\'],","\t['e', '\\u001B'],","\t['a', '\\u0007']","]);","","function unescape(c) {","\tif ((c[0] === 'u' && c.length === 5) || (c[0] === 'x' && c.length === 3)) {","\t\treturn String.fromCharCode(parseInt(c.slice(1), 16));","\t}","","\treturn ESCAPES.get(c) || c;","}","","function parseArguments(name, args) {","\tconst results = [];","\tconst chunks = args.trim().split(/\\s*,\\s*/g);","\tlet matches;","","\tfor (const chunk of chunks) {","\t\tif (!isNaN(chunk)) {","\t\t\tresults.push(Number(chunk));","\t\t} else if ((matches = chunk.match(STRING_REGEX))) {","\t\t\tresults.push(matches[2].replace(ESCAPE_REGEX, (m, escape, chr) => escape ? unescape(escape) : chr));","\t\t} else {","\t\t\tthrow new Error(`Invalid Chalk template style argument: ${chunk} (in style '${name}')`);","\t\t}","\t}","","\treturn results;","}","","function parseStyle(style) {","\tSTYLE_REGEX.lastIndex = 0;","","\tconst results = [];","\tlet matches;","","\twhile ((matches = STYLE_REGEX.exec(style)) !== null) {","\t\tconst name = matches[1];","","\t\tif (matches[2]) {","\t\t\tconst args = parseArguments(name, matches[2]);","\t\t\tresults.push([name].concat(args));","\t\t} else {","\t\t\tresults.push([name]);","\t\t}","\t}","","\treturn results;","}","","function buildStyle(chalk, styles) {","\tconst enabled = {};","","\tfor (const layer of styles) {","\t\tfor (const style of layer.styles) {","\t\t\tenabled[style[0]] = layer.inverse ? null : style.slice(1);","\t\t}","\t}","","\tlet current = chalk;","\tfor (const styleName of Object.keys(enabled)) {","\t\tif (Array.isArray(enabled[styleName])) {","\t\t\tif (!(styleName in current)) {","\t\t\t\tthrow new Error(`Unknown Chalk style: ${styleName}`);","\t\t\t}","","\t\t\tif (enabled[styleName].length > 0) {","\t\t\t\tcurrent = current[styleName].apply(current, enabled[styleName]);","\t\t\t} else {","\t\t\t\tcurrent = current[styleName];","\t\t\t}","\t\t}","\t}","","\treturn current;","}","","module.exports = (chalk, tmp) => {","\tconst styles = [];","\tconst chunks = [];","\tlet chunk = [];","","\t// eslint-disable-next-line max-params","\ttmp.replace(TEMPLATE_REGEX, (m, escapeChar, inverse, style, close, chr) => {","\t\tif (escapeChar) {","\t\t\tchunk.push(unescape(escapeChar));","\t\t} else if (style) {","\t\t\tconst str = chunk.join('');","\t\t\tchunk = [];","\t\t\tchunks.push(styles.length === 0 ? str : buildStyle(chalk, styles)(str));","\t\t\tstyles.push({inverse, styles: parseStyle(style)});","\t\t} else if (close) {","\t\t\tif (styles.length === 0) {","\t\t\t\tthrow new Error('Found extraneous } in Chalk template literal');","\t\t\t}","","\t\t\tchunks.push(buildStyle(chalk, styles)(chunk.join('')));","\t\t\tchunk = [];","\t\t\tstyles.pop();","\t\t} else {","\t\t\tchunk.push(chr);","\t\t}","\t});","","\tchunks.push(chunk.join(''));","","\tif (styles.length > 0) {","\t\tconst errMsg = `Chalk template literal is missing ${styles.length} closing bracket${styles.length === 1 ? '' : 's'} (\\`}\\`)`;","\t\tthrow new Error(errMsg);","\t}","","\treturn chunks.join('');","};",""],"l":{"2":1,"3":1,"4":1,"5":1,"7":1,"20":1,"21":0,"22":0,"25":0,"28":1,"29":0,"30":0,"31":0,"33":0,"34":0,"35":0,"36":0,"37":0,"39":0,"43":0,"46":1,"47":0,"49":0,"50":0,"52":0,"53":0,"55":0,"56":0,"57":0,"59":0,"63":0,"66":1,"67":0,"69":0,"70":0,"71":0,"75":0,"76":0,"77":0,"78":0,"79":0,"82":0,"83":0,"85":0,"90":0,"93":1,"94":0,"95":0,"96":0,"99":0,"100":0,"101":0,"102":0,"103":0,"104":0,"105":0,"106":0,"107":0,"108":0,"109":0,"112":0,"113":0,"114":0,"116":0,"120":0,"122":0,"123":0,"124":0,"127":0}}}